                                 Started job on |	Jun 08 21:21:57
                             Started mapping on |	Jun 08 21:22:08
                                    Finished on |	Jun 08 21:38:36
       Mapping speed, Million of reads per hour |	117.47

                          Number of input reads |	32239547
                      Average input read length |	271
                                    UNIQUE READS:
                   Uniquely mapped reads number |	16038636
                        Uniquely mapped reads % |	49.75%
                          Average mapped length |	254.92
                       Number of splices: Total |	11161871
            Number of splices: Annotated (sjdb) |	9672816
                       Number of splices: GT/AG |	11044434
                       Number of splices: GC/AG |	56138
                       Number of splices: AT/AC |	8821
               Number of splices: Non-canonical |	52478
                      Mismatch rate per base, % |	1.23%
                         Deletion rate per base |	0.06%
                        Deletion average length |	2.47
                        Insertion rate per base |	0.04%
                       Insertion average length |	2.60
                             MULTI-MAPPING READS:
        Number of reads mapped to multiple loci |	1634112
             % of reads mapped to multiple loci |	5.07%
        Number of reads mapped to too many loci |	60769
             % of reads mapped to too many loci |	0.19%
                                  UNMAPPED READS:
       % of reads unmapped: too many mismatches |	0.00%
                 % of reads unmapped: too short |	44.83%
                     % of reads unmapped: other |	0.16%
                                  CHIMERIC READS:
                       Number of chimeric reads |	0
                            % of chimeric reads |	0.00%
