           Time    Speed        Read     Read   Mapped   Mapped   Mapped   Mapped Unmapped Unmapped Unmapped Unmapped
                    M/hr      number   length   unique   length   MMrate    multi   multi+       MM    short    other
Jun 08 21:40:00     84.0     1610747      268    49.6%    251.2     1.3%     5.0%     0.2%     0.0%    45.0%     0.2%
Jun 08 21:41:06    103.4     3878216      268    49.9%    251.4     1.2%     5.0%     0.2%     0.0%    44.7%     0.2%
Jun 08 21:42:06    110.0     5955735      268    49.9%    251.6     1.2%     5.0%     0.2%     0.0%    44.7%     0.2%
Jun 08 21:43:08    113.9     8129281      268    49.9%    251.5     1.2%     5.0%     0.2%     0.0%    44.7%     0.2%
Jun 08 21:44:08    112.7     9926358      268    49.9%    251.5     1.2%     5.0%     0.2%     0.0%    44.6%     0.2%
Jun 08 21:45:11    113.7    12000422      268    50.0%    251.5     1.2%     5.1%     0.2%     0.0%    44.5%     0.2%
Jun 08 21:46:12    114.1    13978081      268    50.1%    251.5     1.2%     5.1%     0.2%     0.0%    44.5%     0.2%
Jun 08 21:47:18    114.0    16051126      268    50.1%    251.6     1.2%     5.1%     0.2%     0.0%    44.4%     0.2%
Jun 08 21:48:24    115.0    18311968      268    50.1%    251.6     1.2%     5.1%     0.2%     0.0%    44.4%     0.2%
Jun 08 21:49:24    116.5    20477571      268    50.1%    251.6     1.2%     5.1%     0.2%     0.0%    44.4%     0.2%
Jun 08 21:50:28    116.9    22642427      268    50.1%    251.6     1.2%     5.1%     0.2%     0.0%    44.4%     0.2%
Jun 08 21:51:29    117.8    24807878      268    50.1%    251.6     1.2%     5.1%     0.2%     0.0%    44.5%     0.2%
Jun 08 21:52:31    117.2    26691514      268    50.1%    251.6     1.2%     5.0%     0.2%     0.0%    44.5%     0.2%
Jun 08 21:53:34    117.7    28858422      268    50.0%    251.6     1.2%     5.0%     0.2%     0.0%    44.5%     0.2%
Jun 08 21:54:35    118.3    31023684      268    50.1%    251.6     1.2%     5.0%     0.2%     0.0%    44.5%     0.2%
Jun 08 21:55:39    117.9    33001774      268    50.1%    251.6     1.2%     5.0%     0.2%     0.0%    44.5%     0.2%
Jun 08 21:57:57    109.2    34773680      268    50.1%    251.6     1.2%     5.0%     0.2%     0.0%    44.5%     0.2%
ALL DONE!
