                                 Started job on |	Jun 08 21:58:32
                             Started mapping on |	Jun 08 21:58:43
                                    Finished on |	Jun 08 22:14:43
       Mapping speed, Million of reads per hour |	187.18

                          Number of input reads |	49913691
                      Average input read length |	197
                                    UNIQUE READS:
                   Uniquely mapped reads number |	29299614
                        Uniquely mapped reads % |	58.70%
                          Average mapped length |	190.65
                       Number of splices: Total |	16394441
            Number of splices: Annotated (sjdb) |	13845746
                       Number of splices: GT/AG |	16237018
                       Number of splices: GC/AG |	74643
                       Number of splices: AT/AC |	9109
               Number of splices: Non-canonical |	73671
                      Mismatch rate per base, % |	1.41%
                         Deletion rate per base |	0.06%
                        Deletion average length |	2.75
                        Insertion rate per base |	0.03%
                       Insertion average length |	2.34
                             MULTI-MAPPING READS:
        Number of reads mapped to multiple loci |	3070764
             % of reads mapped to multiple loci |	6.15%
        Number of reads mapped to too many loci |	59747
             % of reads mapped to too many loci |	0.12%
                                  UNMAPPED READS:
       % of reads unmapped: too many mismatches |	0.00%
                 % of reads unmapped: too short |	34.92%
                     % of reads unmapped: other |	0.10%
                                  CHIMERIC READS:
                       Number of chimeric reads |	0
                            % of chimeric reads |	0.00%
