           Time    Speed        Read     Read   Mapped   Mapped   Mapped   Mapped Unmapped Unmapped Unmapped Unmapped
                    M/hr      number   length   unique   length   MMrate    multi   multi+       MM    short    other
Jun 08 22:16:25     69.6     1391101      275    55.8%    263.6     1.1%     5.4%     0.1%     0.0%    38.6%     0.1%
Jun 08 22:17:26     75.2     2777972      275    55.9%    263.8     1.1%     5.4%     0.1%     0.0%    38.5%     0.1%
Jun 08 22:18:32     82.0     4533464      276    56.1%    264.1     1.1%     5.5%     0.1%     0.0%    38.2%     0.1%
Jun 08 22:19:32     75.9     5457231      276    56.2%    264.1     1.1%     5.5%     0.1%     0.0%    38.2%     0.1%
Jun 08 22:20:36     73.2     6565631      276    56.2%    264.2     1.1%     5.5%     0.1%     0.0%    38.2%     0.1%
Jun 08 22:21:39     74.2     7951686      276    56.2%    264.2     1.1%     5.5%     0.1%     0.0%    38.2%     0.1%
Jun 08 22:22:42     74.9     9338301      276    56.1%    264.2     1.1%     5.5%     0.1%     0.0%    38.2%     0.1%
Jun 08 22:23:42     77.1    10907507      276    56.1%    264.2     1.1%     5.5%     0.1%     0.0%    38.2%     0.1%
Jun 08 22:24:43     77.6    12291629      276    56.2%    264.1     1.1%     5.5%     0.1%     0.0%    38.1%     0.1%
Jun 08 22:25:43     76.6    13398236      276    56.3%    264.2     1.1%     5.5%     0.1%     0.0%    38.1%     0.1%
Jun 08 22:26:45     78.3    15056910      276    56.3%    264.2     1.1%     5.5%     0.1%     0.0%    38.0%     0.1%
Jun 08 22:27:45     78.3    16346705      276    56.4%    264.2     1.0%     5.5%     0.1%     0.0%    38.0%     0.1%
Jun 08 22:28:46     79.3    17913519      276    56.4%    264.3     1.0%     5.5%     0.1%     0.0%    38.0%     0.1%
Jun 08 22:29:57     79.3    19480277      276    56.4%    264.3     1.0%     5.5%     0.1%     0.0%    37.9%     0.1%
Jun 08 22:31:02     77.7    20494289      276    56.4%    264.3     1.0%     5.5%     0.1%     0.0%    37.9%     0.1%
Jun 08 22:32:09     77.5    21875997      276    56.4%    264.3     1.0%     5.5%     0.1%     0.0%    37.9%     0.1%
Jun 08 22:33:10     77.4    23165567      276    56.4%    264.3     1.0%     5.5%     0.1%     0.0%    37.9%     0.1%
Jun 08 22:34:12     78.2    24730961      276    56.4%    264.3     1.0%     5.5%     0.1%     0.0%    37.9%     0.1%
Jun 08 22:35:16     78.1    26111739      276    56.4%    264.3     1.1%     5.5%     0.1%     0.0%    37.9%     0.1%
Jun 08 22:36:22     77.7    27400443      276    56.4%    264.3     1.1%     5.5%     0.1%     0.0%    37.9%     0.1%
Jun 08 22:37:24     78.6    29058038      276    56.4%    264.3     1.1%     5.5%     0.1%     0.0%    38.0%     0.1%
Jun 08 22:38:29     79.0    30623067      276    56.4%    264.3     1.1%     5.5%     0.1%     0.0%    38.0%     0.1%
Jun 08 22:39:35     79.0    32097000      276    56.3%    264.3     1.1%     5.5%     0.1%     0.0%    38.0%     0.1%
Jun 08 22:40:44     78.7    33479496      276    56.3%    264.3     1.1%     5.5%     0.1%     0.0%    38.0%     0.1%
Jun 08 22:41:46     78.6    34769994      276    56.3%    264.3     1.1%     5.5%     0.1%     0.0%    38.0%     0.1%
Jun 08 22:42:49     78.6    36151360      276    56.4%    264.3     1.1%     5.5%     0.1%     0.0%    38.0%     0.1%
Jun 08 22:43:53     78.4    37440543      276    56.4%    264.3     1.1%     5.5%     0.1%     0.0%    38.0%     0.1%
Jun 08 22:44:58     78.5    38914424      276    56.4%    264.3     1.1%     5.5%     0.1%     0.0%    38.0%     0.1%
Jun 08 22:46:02     79.0    40572346      276    56.4%    264.3     1.1%     5.5%     0.1%     0.0%    38.0%     0.1%
Jun 08 22:47:34     77.8    41928194      276    56.4%    264.3     1.1%     5.5%     0.1%     0.0%    38.0%     0.1%
ALL DONE!
