                                 Started job on |	Jun 08 22:14:49
                             Started mapping on |	Jun 08 22:15:13
                                    Finished on |	Jun 08 22:47:34
       Mapping speed, Million of reads per hour |	77.76

                          Number of input reads |	41928194
                      Average input read length |	276
                                    UNIQUE READS:
                   Uniquely mapped reads number |	23630085
                        Uniquely mapped reads % |	56.36%
                          Average mapped length |	264.33
                       Number of splices: Total |	22267791
            Number of splices: Annotated (sjdb) |	20417881
                       Number of splices: GT/AG |	21993509
                       Number of splices: GC/AG |	119147
                       Number of splices: AT/AC |	15693
               Number of splices: Non-canonical |	139442
                      Mismatch rate per base, % |	1.07%
                         Deletion rate per base |	0.05%
                        Deletion average length |	2.57
                        Insertion rate per base |	0.04%
                       Insertion average length |	2.63
                             MULTI-MAPPING READS:
        Number of reads mapped to multiple loci |	2297597
             % of reads mapped to multiple loci |	5.48%
        Number of reads mapped to too many loci |	40530
             % of reads mapped to too many loci |	0.10%
                                  UNMAPPED READS:
       % of reads unmapped: too many mismatches |	0.00%
                 % of reads unmapped: too short |	37.99%
                     % of reads unmapped: other |	0.08%
                                  CHIMERIC READS:
                       Number of chimeric reads |	0
                            % of chimeric reads |	0.00%
