           Time    Speed        Read     Read   Mapped   Mapped   Mapped   Mapped Unmapped Unmapped Unmapped Unmapped
                    M/hr      number   length   unique   length   MMrate    multi   multi+       MM    short    other
Jun 08 22:49:03     18.8      371620      275    56.6%    264.2     1.0%     4.9%     0.1%     0.0%    38.3%     0.1%
Jun 08 22:50:11     24.0      928163      275    56.7%    264.2     1.0%     4.9%     0.1%     0.0%    38.3%     0.1%
Jun 08 22:51:23     22.2     1298855      275    56.6%    264.2     1.0%     4.9%     0.1%     0.0%    38.3%     0.1%
Jun 08 22:52:25     24.4     1854021      275    56.7%    264.3     1.0%     4.9%     0.1%     0.0%    38.3%     0.1%
Jun 08 22:53:26     29.0     2686588      275    56.7%    264.3     1.0%     4.9%     0.1%     0.0%    38.2%     0.1%
Jun 08 22:54:55     27.6     3241206      275    56.8%    264.5     1.0%     4.9%     0.1%     0.0%    38.1%     0.1%
Jun 08 22:56:03     29.9     4073000      275    56.8%    264.6     1.0%     4.9%     0.1%     0.0%    38.1%     0.1%
Jun 08 22:57:34     30.9     4996846      275    56.9%    264.7     1.0%     4.9%     0.1%     0.0%    38.0%     0.1%
Jun 08 22:59:01     31.9     5920967      276    56.9%    264.7     1.0%     4.9%     0.1%     0.0%    38.0%     0.1%
Jun 08 23:00:03     31.9     6475850      276    56.9%    264.7     1.0%     4.9%     0.1%     0.0%    38.1%     0.1%
Jun 08 23:01:06     33.6     7400723      276    56.8%    264.7     1.0%     4.9%     0.1%     0.0%    38.1%     0.1%
Jun 08 23:02:11     32.6     7770729      275    56.8%    264.7     1.0%     4.9%     0.1%     0.0%    38.1%     0.1%
Jun 08 23:03:34     31.5     8233183      275    56.8%    264.7     1.0%     4.9%     0.1%     0.0%    38.1%     0.1%
Jun 08 23:04:40     31.4     8788105      275    56.8%    264.7     1.0%     4.9%     0.1%     0.0%    38.1%     0.1%
Jun 08 23:05:49     31.9     9528816      275    56.9%    264.6     1.0%     4.9%     0.1%     0.0%    38.1%     0.1%
Jun 08 23:06:56     32.0    10175979      275    56.9%    264.6     1.0%     4.9%     0.1%     0.0%    38.0%     0.1%
Jun 08 23:08:03     31.9    10729619      275    56.9%    264.6     1.0%     4.9%     0.1%     0.0%    38.0%     0.1%
Jun 08 23:09:06     32.4    11467909      275    56.9%    264.6     1.0%     4.9%     0.1%     0.0%    38.0%     0.1%
Jun 08 23:10:18     32.2    12021414      275    57.0%    264.6     1.0%     4.9%     0.1%     0.0%    37.9%     0.1%
Jun 08 23:11:36     32.7    12943272      275    57.0%    264.7     1.0%     4.9%     0.1%     0.0%    37.9%     0.1%
Jun 08 23:12:39     32.9    13588825      275    57.0%    264.7     1.0%     4.9%     0.1%     0.0%    37.9%     0.1%
Jun 08 23:13:45     32.6    14049827      275    57.0%    264.7     1.0%     4.9%     0.1%     0.0%    37.9%     0.1%
Jun 08 23:14:59     32.5    14694994      275    57.0%    264.7     1.0%     4.9%     0.1%     0.0%    37.9%     0.1%
Jun 08 23:16:31     31.7    15155744      275    57.0%    264.7     1.0%     4.9%     0.1%     0.0%    37.8%     0.1%
Jun 08 23:17:45     31.4    15616805      275    57.1%    264.7     1.0%     4.9%     0.1%     0.0%    37.8%     0.1%
Jun 08 23:19:25     31.1    16354651      275    57.1%    264.7     1.0%     4.9%     0.1%     0.0%    37.8%     0.1%
Jun 08 23:20:31     30.9    16815950      275    57.1%    264.7     1.0%     4.9%     0.1%     0.0%    37.8%     0.1%
Jun 08 23:21:38     31.4    17646018      275    57.1%    264.7     1.0%     4.9%     0.1%     0.0%    37.8%     0.1%
Jun 08 23:22:39     31.6    18291250      275    57.1%    264.7     1.0%     4.9%     0.1%     0.0%    37.8%     0.1%
Jun 08 23:24:04     30.9    18660025      275    57.1%    264.7     1.0%     4.9%     0.1%     0.0%    37.8%     0.1%
Jun 08 23:25:10     31.2    19397362      275    57.1%    264.7     1.0%     4.9%     0.1%     0.0%    37.8%     0.1%
Jun 08 23:26:15     31.5    20134537      275    57.1%    264.7     1.0%     4.9%     0.1%     0.0%    37.8%     0.1%
Jun 08 23:27:19     31.3    20595215      275    57.1%    264.7     1.0%     4.9%     0.1%     0.0%    37.8%     0.1%
Jun 08 23:28:20     31.5    21240079      275    57.1%    264.7     1.0%     4.9%     0.1%     0.0%    37.8%     0.1%
Jun 08 23:29:33     31.6    21976998      275    57.1%    264.8     1.0%     4.9%     0.1%     0.0%    37.8%     0.1%
Jun 08 23:30:39     31.9    22713947      275    57.1%    264.8     1.0%     4.9%     0.1%     0.0%    37.8%     0.1%
Jun 08 23:31:39     32.1    23450644      275    57.1%    264.8     1.0%     4.9%     0.1%     0.0%    37.8%     0.1%
Jun 08 23:32:41     32.1    24003404      275    57.1%    264.8     1.0%     4.9%     0.1%     0.0%    37.8%     0.1%
Jun 08 23:33:59     32.1    24648240      275    57.1%    264.8     1.0%     4.9%     0.1%     0.0%    37.8%     0.1%
Jun 08 23:35:00     32.0    25109006      275    57.1%    264.8     1.0%     4.9%     0.1%     0.0%    37.8%     0.1%
Jun 08 23:36:13     32.2    25938234      275    57.1%    264.8     1.0%     4.9%     0.1%     0.0%    37.8%     0.1%
Jun 08 23:37:19     32.5    26767510      276    57.0%    264.8     1.0%     4.9%     0.1%     0.0%    37.9%     0.1%
Jun 08 23:38:38     32.3    27320500      276    57.0%    264.8     1.0%     4.9%     0.1%     0.0%    37.9%     0.1%
Jun 08 23:39:43     32.6    28150205      276    57.0%    264.8     1.0%     4.9%     0.1%     0.0%    37.9%     0.1%
Jun 08 23:40:59     32.6    28888055      276    57.0%    264.8     1.0%     4.9%     0.1%     0.0%    37.9%     0.1%
Jun 08 23:42:05     32.6    29441458      275    57.0%    264.8     1.0%     4.9%     0.1%     0.0%    37.9%     0.1%
Jun 08 23:43:12     32.4    29902322      275    57.0%    264.8     1.0%     4.9%     0.1%     0.0%    37.9%     0.1%
Jun 08 23:44:16     32.5    30547748      275    57.0%    264.8     1.0%     4.9%     0.1%     0.0%    37.9%     0.1%
Jun 08 23:45:17     32.5    31100638      276    57.0%    264.8     1.0%     4.9%     0.1%     0.0%    37.9%     0.1%
Jun 08 23:46:17     32.3    31469195      276    57.0%    264.8     1.0%     4.9%     0.1%     0.0%    37.9%     0.1%
Jun 08 23:47:26     32.2    31929785      276    57.0%    264.8     1.0%     4.9%     0.1%     0.0%    37.9%     0.1%
Jun 08 23:48:28     32.4    32758982      276    57.0%    264.8     1.0%     4.9%     0.1%     0.0%    37.9%     0.1%
Jun 08 23:49:41     32.6    33588638      276    57.0%    264.8     1.0%     4.9%     0.1%     0.0%    37.9%     0.1%
Jun 08 23:50:51     32.5    34141464      276    57.0%    264.8     1.0%     4.9%     0.1%     0.0%    37.9%     0.1%
Jun 08 23:52:00     32.5    34786685      276    57.0%    264.8     1.0%     4.9%     0.1%     0.0%    37.8%     0.1%
Jun 08 23:53:03     32.6    35431703      276    57.0%    264.8     1.0%     4.9%     0.1%     0.0%    37.8%     0.1%
Jun 08 23:54:08     32.7    36169149      276    57.1%    264.8     1.0%     4.9%     0.1%     0.0%    37.8%     0.1%
Jun 08 23:55:16     32.6    36599375      276    57.1%    264.8     1.0%     4.9%     0.1%     0.0%    37.8%     0.1%
Jun 08 23:58:28     31.2    36691501      276    57.1%    264.8     1.0%     4.9%     0.1%     0.0%    37.8%     0.1%
ALL DONE!
