           Time    Speed        Read     Read   Mapped   Mapped   Mapped   Mapped Unmapped Unmapped Unmapped Unmapped
                    M/hr      number   length   unique   length   MMrate    multi   multi+       MM    short    other
Jun 09 00:00:41     80.6     1567063      277    53.3%    265.3     1.1%     5.1%     0.1%     0.0%    41.4%     0.1%
Jun 09 00:01:48     99.2     3773954      277    53.5%    265.5     1.1%     5.1%     0.1%     0.0%    41.2%     0.1%
Jun 09 00:02:56    103.4     5887412      277    53.6%    265.7     1.1%     5.1%     0.1%     0.0%    41.1%     0.1%
Jun 09 00:04:04    106.7     8093708      277    53.6%    265.7     1.1%     5.1%     0.1%     0.0%    41.2%     0.1%
Jun 09 00:05:06    109.7    10207792      277    53.6%    265.7     1.1%     5.1%     0.1%     0.0%    41.1%     0.1%
Jun 09 00:06:06    110.6    12134622      277    53.7%    265.7     1.0%     5.1%     0.1%     0.0%    41.0%     0.1%
Jun 09 00:07:06    112.7    14243567      277    53.7%    265.7     1.0%     5.1%     0.1%     0.0%    41.0%     0.1%
Jun 09 00:08:08    111.9    16076273      277    53.8%    265.7     1.0%     5.1%     0.1%     0.0%    40.9%     0.1%
Jun 09 00:09:10    112.5    18092869      277    53.8%    265.8     1.0%     5.1%     0.1%     0.0%    40.9%     0.1%
Jun 09 00:10:10    111.7    19834766      277    53.8%    265.8     1.0%     5.1%     0.1%     0.0%    40.9%     0.1%
Jun 09 00:11:14    110.5    21575828      277    53.8%    265.8     1.0%     5.1%     0.1%     0.0%    40.9%     0.1%
Jun 09 00:12:15    111.6    23683465      277    53.8%    265.8     1.0%     5.1%     0.1%     0.0%    40.9%     0.1%
Jun 09 00:13:19    110.9    25515226      277    53.8%    265.8     1.0%     5.1%     0.1%     0.0%    40.9%     0.1%
Jun 09 00:14:19    111.6    27530503      277    53.8%    265.8     1.0%     5.1%     0.1%     0.0%    40.9%     0.1%
Jun 09 00:15:26    111.7    29637883      277    53.8%    265.8     1.1%     5.1%     0.1%     0.0%    40.9%     0.1%
Jun 09 00:16:30    112.2    31745844      277    53.8%    265.8     1.1%     5.1%     0.1%     0.0%    40.9%     0.1%
Jun 09 00:17:30    112.0    33579449      277    53.8%    265.8     1.1%     5.1%     0.1%     0.0%    40.9%     0.1%
Jun 09 00:18:30    112.2    35503544      277    53.8%    265.8     1.1%     5.1%     0.1%     0.0%    40.9%     0.1%
Jun 09 00:19:32    112.2    37427816      277    53.8%    265.8     1.1%     5.1%     0.1%     0.0%    40.9%     0.1%
Jun 09 00:20:39    112.0    39443821      277    53.8%    265.8     1.1%     5.1%     0.1%     0.0%    40.9%     0.1%
Jun 09 00:21:53    109.7    40882396      277    53.8%    265.8     1.1%     5.1%     0.1%     0.0%    40.9%     0.1%
ALL DONE!
