                                 Started job on |	Jun 09 00:21:58
                             Started mapping on |	Jun 09 00:22:10
                                    Finished on |	Jun 09 00:38:06
       Mapping speed, Million of reads per hour |	126.46

                          Number of input reads |	33581987
                      Average input read length |	273
                                    UNIQUE READS:
                   Uniquely mapped reads number |	19278198
                        Uniquely mapped reads % |	57.41%
                          Average mapped length |	260.44
                       Number of splices: Total |	17809455
            Number of splices: Annotated (sjdb) |	15887356
                       Number of splices: GT/AG |	17619231
                       Number of splices: GC/AG |	93975
                       Number of splices: AT/AC |	12530
               Number of splices: Non-canonical |	83719
                      Mismatch rate per base, % |	1.10%
                         Deletion rate per base |	0.04%
                        Deletion average length |	2.26
                        Insertion rate per base |	0.03%
                       Insertion average length |	2.56
                             MULTI-MAPPING READS:
        Number of reads mapped to multiple loci |	1953604
             % of reads mapped to multiple loci |	5.82%
        Number of reads mapped to too many loci |	32870
             % of reads mapped to too many loci |	0.10%
                                  UNMAPPED READS:
       % of reads unmapped: too many mismatches |	0.00%
                 % of reads unmapped: too short |	36.61%
                     % of reads unmapped: other |	0.07%
                                  CHIMERIC READS:
                       Number of chimeric reads |	0
                            % of chimeric reads |	0.00%
