                                 Started job on |	Jun 09 00:38:11
                             Started mapping on |	Jun 09 00:38:22
                                    Finished on |	Jun 09 00:53:52
       Mapping speed, Million of reads per hour |	121.11

                          Number of input reads |	31287175
                      Average input read length |	276
                                    UNIQUE READS:
                   Uniquely mapped reads number |	17161413
                        Uniquely mapped reads % |	54.85%
                          Average mapped length |	262.35
                       Number of splices: Total |	15255724
            Number of splices: Annotated (sjdb) |	13422027
                       Number of splices: GT/AG |	15078846
                       Number of splices: GC/AG |	89183
                       Number of splices: AT/AC |	12198
               Number of splices: Non-canonical |	75497
                      Mismatch rate per base, % |	1.09%
                         Deletion rate per base |	0.05%
                        Deletion average length |	2.29
                        Insertion rate per base |	0.04%
                       Insertion average length |	2.59
                             MULTI-MAPPING READS:
        Number of reads mapped to multiple loci |	1707263
             % of reads mapped to multiple loci |	5.46%
        Number of reads mapped to too many loci |	34289
             % of reads mapped to too many loci |	0.11%
                                  UNMAPPED READS:
       % of reads unmapped: too many mismatches |	0.00%
                 % of reads unmapped: too short |	39.50%
                     % of reads unmapped: other |	0.08%
                                  CHIMERIC READS:
                       Number of chimeric reads |	0
                            % of chimeric reads |	0.00%
