                                 Started job on |	Jun 09 01:08:36
                             Started mapping on |	Jun 09 01:08:59
                                    Finished on |	Jun 09 01:25:07
       Mapping speed, Million of reads per hour |	183.99

                          Number of input reads |	49472698
                      Average input read length |	197
                                    UNIQUE READS:
                   Uniquely mapped reads number |	28480492
                        Uniquely mapped reads % |	57.57%
                          Average mapped length |	190.51
                       Number of splices: Total |	16625063
            Number of splices: Annotated (sjdb) |	14115976
                       Number of splices: GT/AG |	16466283
                       Number of splices: GC/AG |	74217
                       Number of splices: AT/AC |	9624
               Number of splices: Non-canonical |	74939
                      Mismatch rate per base, % |	1.40%
                         Deletion rate per base |	0.05%
                        Deletion average length |	2.73
                        Insertion rate per base |	0.03%
                       Insertion average length |	2.37
                             MULTI-MAPPING READS:
        Number of reads mapped to multiple loci |	2801084
             % of reads mapped to multiple loci |	5.66%
        Number of reads mapped to too many loci |	51113
             % of reads mapped to too many loci |	0.10%
                                  UNMAPPED READS:
       % of reads unmapped: too many mismatches |	0.00%
                 % of reads unmapped: too short |	36.58%
                     % of reads unmapped: other |	0.09%
                                  CHIMERIC READS:
                       Number of chimeric reads |	0
                            % of chimeric reads |	0.00%
