                                 Started job on |	Jun 09 01:41:08
                             Started mapping on |	Jun 09 01:41:22
                                    Finished on |	Jun 09 01:51:43
       Mapping speed, Million of reads per hour |	175.09

                          Number of input reads |	30203446
                      Average input read length |	198
                                    UNIQUE READS:
                   Uniquely mapped reads number |	19642660
                        Uniquely mapped reads % |	65.03%
                          Average mapped length |	193.11
                       Number of splices: Total |	12427476
            Number of splices: Annotated (sjdb) |	10964485
                       Number of splices: GT/AG |	12309326
                       Number of splices: GC/AG |	78829
                       Number of splices: AT/AC |	9698
               Number of splices: Non-canonical |	29623
                      Mismatch rate per base, % |	1.08%
                         Deletion rate per base |	0.05%
                        Deletion average length |	2.63
                        Insertion rate per base |	0.03%
                       Insertion average length |	2.23
                             MULTI-MAPPING READS:
        Number of reads mapped to multiple loci |	1390967
             % of reads mapped to multiple loci |	4.61%
        Number of reads mapped to too many loci |	33932
             % of reads mapped to too many loci |	0.11%
                                  UNMAPPED READS:
       % of reads unmapped: too many mismatches |	0.00%
                 % of reads unmapped: too short |	30.12%
                     % of reads unmapped: other |	0.12%
                                  CHIMERIC READS:
                       Number of chimeric reads |	0
                            % of chimeric reads |	0.00%
