                                 Started job on |	Jun 09 02:31:13
                             Started mapping on |	Jun 09 02:31:27
                                    Finished on |	Jun 09 02:40:15
       Mapping speed, Million of reads per hour |	192.74

                          Number of input reads |	28268354
                      Average input read length |	197
                                    UNIQUE READS:
                   Uniquely mapped reads number |	18388303
                        Uniquely mapped reads % |	65.05%
                          Average mapped length |	190.24
                       Number of splices: Total |	9961445
            Number of splices: Annotated (sjdb) |	7393181
                       Number of splices: GT/AG |	9877144
                       Number of splices: GC/AG |	49572
                       Number of splices: AT/AC |	7301
               Number of splices: Non-canonical |	27428
                      Mismatch rate per base, % |	1.55%
                         Deletion rate per base |	0.05%
                        Deletion average length |	2.76
                        Insertion rate per base |	0.03%
                       Insertion average length |	2.15
                             MULTI-MAPPING READS:
        Number of reads mapped to multiple loci |	1773642
             % of reads mapped to multiple loci |	6.27%
        Number of reads mapped to too many loci |	45162
             % of reads mapped to too many loci |	0.16%
                                  UNMAPPED READS:
       % of reads unmapped: too many mismatches |	0.00%
                 % of reads unmapped: too short |	28.37%
                     % of reads unmapped: other |	0.15%
                                  CHIMERIC READS:
                       Number of chimeric reads |	0
                            % of chimeric reads |	0.00%
