                                 Started job on |	Jun 09 02:40:19
                             Started mapping on |	Jun 09 02:40:33
                                    Finished on |	Jun 09 02:49:36
       Mapping speed, Million of reads per hour |	189.27

                          Number of input reads |	28548432
                      Average input read length |	198
                                    UNIQUE READS:
                   Uniquely mapped reads number |	18003717
                        Uniquely mapped reads % |	63.06%
                          Average mapped length |	191.37
                       Number of splices: Total |	10799164
            Number of splices: Annotated (sjdb) |	8729397
                       Number of splices: GT/AG |	10696754
                       Number of splices: GC/AG |	66156
                       Number of splices: AT/AC |	8564
               Number of splices: Non-canonical |	27690
                      Mismatch rate per base, % |	1.44%
                         Deletion rate per base |	0.05%
                        Deletion average length |	2.84
                        Insertion rate per base |	0.03%
                       Insertion average length |	2.24
                             MULTI-MAPPING READS:
        Number of reads mapped to multiple loci |	1860766
             % of reads mapped to multiple loci |	6.52%
        Number of reads mapped to too many loci |	42931
             % of reads mapped to too many loci |	0.15%
                                  UNMAPPED READS:
       % of reads unmapped: too many mismatches |	0.00%
                 % of reads unmapped: too short |	30.13%
                     % of reads unmapped: other |	0.13%
                                  CHIMERIC READS:
                       Number of chimeric reads |	0
                            % of chimeric reads |	0.00%
