                                 Started job on |	Jun 09 02:49:40
                             Started mapping on |	Jun 09 02:49:54
                                    Finished on |	Jun 09 03:03:05
       Mapping speed, Million of reads per hour |	184.93

                          Number of input reads |	40632541
                      Average input read length |	198
                                    UNIQUE READS:
                   Uniquely mapped reads number |	25738782
                        Uniquely mapped reads % |	63.35%
                          Average mapped length |	193.36
                       Number of splices: Total |	14871079
            Number of splices: Annotated (sjdb) |	13384152
                       Number of splices: GT/AG |	14646384
                       Number of splices: GC/AG |	92257
                       Number of splices: AT/AC |	11944
               Number of splices: Non-canonical |	120494
                      Mismatch rate per base, % |	1.13%
                         Deletion rate per base |	0.06%
                        Deletion average length |	2.71
                        Insertion rate per base |	0.03%
                       Insertion average length |	2.22
                             MULTI-MAPPING READS:
        Number of reads mapped to multiple loci |	2053071
             % of reads mapped to multiple loci |	5.05%
        Number of reads mapped to too many loci |	75664
             % of reads mapped to too many loci |	0.19%
                                  UNMAPPED READS:
       % of reads unmapped: too many mismatches |	0.00%
                 % of reads unmapped: too short |	31.20%
                     % of reads unmapped: other |	0.21%
                                  CHIMERIC READS:
                       Number of chimeric reads |	0
                            % of chimeric reads |	0.00%
