                                 Started job on |	Jun 09 03:03:11
                             Started mapping on |	Jun 09 03:03:25
                                    Finished on |	Jun 09 03:17:19
       Mapping speed, Million of reads per hour |	190.68

                          Number of input reads |	44173549
                      Average input read length |	198
                                    UNIQUE READS:
                   Uniquely mapped reads number |	28981555
                        Uniquely mapped reads % |	65.61%
                          Average mapped length |	193.27
                       Number of splices: Total |	17329980
            Number of splices: Annotated (sjdb) |	15500896
                       Number of splices: GT/AG |	17047662
                       Number of splices: GC/AG |	100728
                       Number of splices: AT/AC |	13403
               Number of splices: Non-canonical |	168187
                      Mismatch rate per base, % |	1.21%
                         Deletion rate per base |	0.05%
                        Deletion average length |	2.54
                        Insertion rate per base |	0.03%
                       Insertion average length |	2.20
                             MULTI-MAPPING READS:
        Number of reads mapped to multiple loci |	2513510
             % of reads mapped to multiple loci |	5.69%
        Number of reads mapped to too many loci |	88516
             % of reads mapped to too many loci |	0.20%
                                  UNMAPPED READS:
       % of reads unmapped: too many mismatches |	0.00%
                 % of reads unmapped: too short |	28.25%
                     % of reads unmapped: other |	0.25%
                                  CHIMERIC READS:
                       Number of chimeric reads |	0
                            % of chimeric reads |	0.00%
