                                 Started job on |	Jun 09 03:17:25
                             Started mapping on |	Jun 09 03:17:39
                                    Finished on |	Jun 09 06:43:59
       Mapping speed, Million of reads per hour |	11.14

                          Number of input reads |	38311170
                      Average input read length |	276
                                    UNIQUE READS:
                   Uniquely mapped reads number |	21316437
                        Uniquely mapped reads % |	55.64%
                          Average mapped length |	265.21
                       Number of splices: Total |	20062953
            Number of splices: Annotated (sjdb) |	18629255
                       Number of splices: GT/AG |	19847596
                       Number of splices: GC/AG |	149024
                       Number of splices: AT/AC |	15924
               Number of splices: Non-canonical |	50409
                      Mismatch rate per base, % |	0.82%
                         Deletion rate per base |	0.05%
                        Deletion average length |	2.57
                        Insertion rate per base |	0.03%
                       Insertion average length |	2.25
                             MULTI-MAPPING READS:
        Number of reads mapped to multiple loci |	1609276
             % of reads mapped to multiple loci |	4.20%
        Number of reads mapped to too many loci |	31485
             % of reads mapped to too many loci |	0.08%
                                  UNMAPPED READS:
       % of reads unmapped: too many mismatches |	0.00%
                 % of reads unmapped: too short |	40.01%
                     % of reads unmapped: other |	0.07%
                                  CHIMERIC READS:
                       Number of chimeric reads |	0
                            % of chimeric reads |	0.00%
