                                 Started job on |	Jun 09 08:58:36
                             Started mapping on |	Jun 09 08:58:59
                                    Finished on |	Jun 09 10:04:46
       Mapping speed, Million of reads per hour |	28.46

                          Number of input reads |	31202032
                      Average input read length |	273
                                    UNIQUE READS:
                   Uniquely mapped reads number |	18296884
                        Uniquely mapped reads % |	58.64%
                          Average mapped length |	261.39
                       Number of splices: Total |	15457563
            Number of splices: Annotated (sjdb) |	14047686
                       Number of splices: GT/AG |	15295558
                       Number of splices: GC/AG |	100368
                       Number of splices: AT/AC |	14773
               Number of splices: Non-canonical |	46864
                      Mismatch rate per base, % |	0.89%
                         Deletion rate per base |	0.05%
                        Deletion average length |	2.56
                        Insertion rate per base |	0.03%
                       Insertion average length |	2.23
                             MULTI-MAPPING READS:
        Number of reads mapped to multiple loci |	1442036
             % of reads mapped to multiple loci |	4.62%
        Number of reads mapped to too many loci |	40896
             % of reads mapped to too many loci |	0.13%
                                  UNMAPPED READS:
       % of reads unmapped: too many mismatches |	0.00%
                 % of reads unmapped: too short |	36.50%
                     % of reads unmapped: other |	0.11%
                                  CHIMERIC READS:
                       Number of chimeric reads |	0
                            % of chimeric reads |	0.00%
