           Time    Speed        Read     Read   Mapped   Mapped   Mapped   Mapped Unmapped Unmapped Unmapped Unmapped
                    M/hr      number   length   unique   length   MMrate    multi   multi+       MM    short    other
Jun 09 09:00:05     20.4      374252      273    58.0%    260.8     0.9%     4.7%     0.1%     0.0%    37.1%     0.1%
Jun 09 09:01:34     28.2     1215129      273    58.0%    260.8     0.9%     4.6%     0.1%     0.0%    37.1%     0.1%
Jun 09 09:02:59     26.6     1775341      273    58.0%    260.9     0.9%     4.6%     0.1%     0.0%    37.1%     0.1%
Jun 09 09:04:11     29.1     2521388      273    58.2%    260.9     0.9%     4.6%     0.1%     0.0%    36.9%     0.1%
Jun 09 09:05:16     28.5     2987301      273    58.3%    261.0     0.9%     4.6%     0.1%     0.0%    36.9%     0.1%
Jun 09 09:06:25     30.1     3732455      273    58.4%    261.1     0.9%     4.6%     0.1%     0.0%    36.8%     0.1%
Jun 09 09:08:00     29.2     4384741      273    58.4%    261.2     0.9%     4.6%     0.1%     0.0%    36.7%     0.1%
Jun 09 09:09:19     27.1     4664201      273    58.4%    261.2     0.9%     4.6%     0.1%     0.0%    36.7%     0.1%
Jun 09 09:10:43     26.7     5223327      273    58.4%    261.2     0.9%     4.6%     0.1%     0.0%    36.7%     0.1%
Jun 09 09:11:59     27.5     5968989      273    58.4%    261.2     0.9%     4.6%     0.1%     0.0%    36.8%     0.1%
Jun 09 09:13:04     28.2     6621478      273    58.4%    261.2     0.9%     4.6%     0.1%     0.0%    36.8%     0.1%
Jun 09 09:14:07     28.5     7180739      273    58.3%    261.2     0.9%     4.6%     0.1%     0.0%    36.8%     0.1%
Jun 09 09:15:13     28.3     7647156      273    58.4%    261.2     0.9%     4.6%     0.1%     0.0%    36.8%     0.1%
Jun 09 09:16:17     28.5     8207137      273    58.4%    261.2     0.9%     4.6%     0.1%     0.0%    36.8%     0.1%
Jun 09 09:17:18     29.3     8953434      273    58.4%    261.2     0.9%     4.6%     0.1%     0.0%    36.7%     0.1%
Jun 09 09:18:28     29.0     9420179      273    58.5%    261.2     0.9%     4.6%     0.1%     0.0%    36.7%     0.1%
Jun 09 09:20:01     29.0    10165874      273    58.5%    261.2     0.9%     4.6%     0.1%     0.0%    36.6%     0.1%
Jun 09 09:21:06     29.1    10723724      273    58.5%    261.2     0.9%     4.6%     0.1%     0.0%    36.6%     0.1%
Jun 09 09:22:19     29.7    11559873      273    58.6%    261.2     0.9%     4.6%     0.1%     0.0%    36.6%     0.1%
Jun 09 09:23:27     29.7    12117420      273    58.6%    261.2     0.9%     4.6%     0.1%     0.0%    36.6%     0.1%
Jun 09 09:24:27     29.6    12582061      273    58.6%    261.2     0.9%     4.6%     0.1%     0.0%    36.6%     0.1%
Jun 09 09:25:30     29.7    13139653      273    58.6%    261.3     0.9%     4.6%     0.1%     0.0%    36.5%     0.1%
Jun 09 09:26:47     29.2    13511466      273    58.6%    261.3     0.9%     4.6%     0.1%     0.0%    36.5%     0.1%
Jun 09 09:27:56     29.9    14440955      273    58.6%    261.3     0.9%     4.6%     0.1%     0.0%    36.5%     0.1%
Jun 09 09:29:16     29.5    14905674      273    58.6%    261.3     0.9%     4.6%     0.1%     0.0%    36.5%     0.1%
Jun 09 09:30:37     29.5    15556113      273    58.6%    261.3     0.9%     4.6%     0.1%     0.0%    36.5%     0.1%
Jun 09 09:31:40     30.3    16485192      273    58.6%    261.3     0.9%     4.6%     0.1%     0.0%    36.5%     0.1%
Jun 09 09:32:47     30.3    17042648      273    58.6%    261.3     0.9%     4.6%     0.1%     0.0%    36.5%     0.1%
Jun 09 09:33:53     30.1    17506916      273    58.6%    261.3     0.9%     4.6%     0.1%     0.0%    36.5%     0.1%
Jun 09 09:35:02     29.9    17971383      273    58.6%    261.3     0.9%     4.6%     0.1%     0.0%    36.5%     0.1%
Jun 09 09:36:15     29.7    18435673      273    58.6%    261.3     0.9%     4.6%     0.1%     0.0%    36.5%     0.1%
Jun 09 09:37:27     29.5    18899820      273    58.6%    261.3     0.9%     4.6%     0.1%     0.0%    36.5%     0.1%
Jun 09 09:38:45     29.2    19363968      273    58.6%    261.3     0.9%     4.6%     0.1%     0.0%    36.5%     0.1%
Jun 09 09:39:56     29.3    20013700      273    58.7%    261.3     0.9%     4.6%     0.1%     0.0%    36.5%     0.1%
Jun 09 09:41:00     29.6    20756603      273    58.6%    261.4     0.9%     4.6%     0.1%     0.0%    36.5%     0.1%
Jun 09 09:42:04     29.6    21220711      273    58.6%    261.4     0.9%     4.6%     0.1%     0.0%    36.5%     0.1%
Jun 09 09:43:04     29.8    21870730      273    58.6%    261.4     0.9%     4.6%     0.1%     0.0%    36.5%     0.1%
Jun 09 09:44:17     30.0    22613482      273    58.6%    261.4     0.9%     4.6%     0.1%     0.0%    36.5%     0.1%
Jun 09 09:45:18     30.0    23170568      273    58.6%    261.4     0.9%     4.6%     0.1%     0.0%    36.5%     0.1%
Jun 09 09:46:24     29.8    23542231      273    58.6%    261.4     0.9%     4.6%     0.1%     0.0%    36.5%     0.1%
Jun 09 09:47:31     29.9    24192950      273    58.6%    261.4     0.9%     4.6%     0.1%     0.0%    36.5%     0.1%
Jun 09 09:48:43     29.5    24471802      273    58.6%    261.4     0.9%     4.6%     0.1%     0.0%    36.5%     0.1%
Jun 09 09:49:54     29.3    24843734      273    58.6%    261.3     0.9%     4.6%     0.1%     0.0%    36.5%     0.1%
Jun 09 09:51:03     29.1    25215515      273    58.6%    261.3     0.9%     4.6%     0.1%     0.0%    36.5%     0.1%
Jun 09 09:52:20     29.0    25773069      273    58.6%    261.4     0.9%     4.6%     0.1%     0.0%    36.5%     0.1%
Jun 09 09:53:37     28.9    26330503      273    58.6%    261.4     0.9%     4.6%     0.1%     0.0%    36.5%     0.1%
Jun 09 09:54:40     28.9    26794944      273    58.6%    261.4     0.9%     4.6%     0.1%     0.0%    36.5%     0.1%
Jun 09 09:55:57     28.8    27352146      273    58.6%    261.4     0.9%     4.6%     0.1%     0.0%    36.5%     0.1%
Jun 09 09:57:11     29.1    28188059      273    58.6%    261.4     0.9%     4.6%     0.1%     0.0%    36.5%     0.1%
Jun 09 09:58:24     29.2    28931384      273    58.6%    261.4     0.9%     4.6%     0.1%     0.0%    36.5%     0.1%
Jun 09 09:59:46     29.1    29488848      273    58.6%    261.4     0.9%     4.6%     0.1%     0.0%    36.5%     0.1%
Jun 09 10:01:03     29.0    29953343      273    58.6%    261.4     0.9%     4.6%     0.1%     0.0%    36.5%     0.1%
Jun 09 10:02:14     28.8    30324963      273    58.6%    261.4     0.9%     4.6%     0.1%     0.0%    36.5%     0.1%
Jun 09 10:03:21     28.8    30923378      273    58.6%    261.4     0.9%     4.6%     0.1%     0.0%    36.5%     0.1%
Jun 09 10:04:46     28.5    31202032      273    58.6%    261.4     0.9%     4.6%     0.1%     0.0%    36.5%     0.1%
ALL DONE!
