                                 Started job on |	Jun 09 10:04:51
                             Started mapping on |	Jun 09 10:05:16
                                    Finished on |	Jun 09 10:24:09
       Mapping speed, Million of reads per hour |	131.33

                          Number of input reads |	41331523
                      Average input read length |	276
                                    UNIQUE READS:
                   Uniquely mapped reads number |	25152654
                        Uniquely mapped reads % |	60.86%
                          Average mapped length |	265.31
                       Number of splices: Total |	19600728
            Number of splices: Annotated (sjdb) |	17411148
                       Number of splices: GT/AG |	19376870
                       Number of splices: GC/AG |	126878
                       Number of splices: AT/AC |	18887
               Number of splices: Non-canonical |	78093
                      Mismatch rate per base, % |	0.94%
                         Deletion rate per base |	0.06%
                        Deletion average length |	2.53
                        Insertion rate per base |	0.04%
                       Insertion average length |	2.27
                             MULTI-MAPPING READS:
        Number of reads mapped to multiple loci |	1854303
             % of reads mapped to multiple loci |	4.49%
        Number of reads mapped to too many loci |	59795
             % of reads mapped to too many loci |	0.14%
                                  UNMAPPED READS:
       % of reads unmapped: too many mismatches |	0.00%
                 % of reads unmapped: too short |	34.40%
                     % of reads unmapped: other |	0.11%
                                  CHIMERIC READS:
                       Number of chimeric reads |	0
                            % of chimeric reads |	0.00%
