           Time    Speed        Read     Read   Mapped   Mapped   Mapped   Mapped Unmapped Unmapped Unmapped Unmapped
                    M/hr      number   length   unique   length   MMrate    multi   multi+       MM    short    other
Jun 09 10:06:16     99.9     1664184      276    60.4%    264.9     1.0%     4.5%     0.1%     0.0%    34.9%     0.1%
Jun 09 10:07:16    132.9     4430392      276    60.6%    265.1     0.9%     4.5%     0.1%     0.0%    34.6%     0.1%
Jun 09 10:08:30    125.0     6734001      276    60.7%    265.2     0.9%     4.5%     0.1%     0.0%    34.6%     0.1%
Jun 09 10:09:30    130.7     9223911      276    60.6%    265.2     0.9%     4.5%     0.1%     0.0%    34.6%     0.1%
Jun 09 10:10:45    130.2    11894405      276    60.7%    265.2     0.9%     4.5%     0.1%     0.0%    34.6%     0.1%
Jun 09 10:11:45    136.5    14745483      276    60.8%    265.2     0.9%     4.5%     0.1%     0.0%    34.5%     0.1%
Jun 09 10:12:57    133.1    17043718      276    60.8%    265.2     0.9%     4.5%     0.1%     0.0%    34.4%     0.1%
Jun 09 10:13:57    136.2    19710362      276    60.9%    265.3     0.9%     4.5%     0.1%     0.0%    34.4%     0.1%
Jun 09 10:15:10    134.5    22192429      276    60.9%    265.3     0.9%     4.5%     0.1%     0.0%    34.4%     0.1%
Jun 09 10:16:10    136.8    24856906      276    60.9%    265.3     0.9%     4.5%     0.1%     0.0%    34.4%     0.1%
Jun 09 10:17:23    135.4    27336892      276    60.9%    265.3     0.9%     4.5%     0.1%     0.0%    34.4%     0.1%
Jun 09 10:18:23    135.6    29634126      276    60.9%    265.3     0.9%     4.5%     0.1%     0.0%    34.4%     0.1%
Jun 09 10:19:23    136.5    32115801      276    60.8%    265.3     0.9%     4.5%     0.1%     0.0%    34.4%     0.1%
Jun 09 10:20:23    137.3    34597782      276    60.8%    265.3     0.9%     4.5%     0.1%     0.0%    34.4%     0.1%
Jun 09 10:21:35    135.7    36894791      276    60.8%    265.3     0.9%     4.5%     0.1%     0.0%    34.4%     0.1%
Jun 09 10:22:35    137.1    39560408      276    60.9%    265.3     0.9%     4.5%     0.1%     0.0%    34.4%     0.1%
Jun 09 10:24:09    131.3    41331523      276    60.9%    265.3     0.9%     4.5%     0.1%     0.0%    34.4%     0.1%
ALL DONE!
