                                 Started job on |	Jun 09 10:24:15
                             Started mapping on |	Jun 09 10:24:27
                                    Finished on |	Jun 09 11:03:39
       Mapping speed, Million of reads per hour |	47.71

                          Number of input reads |	31168144
                      Average input read length |	277
                                    UNIQUE READS:
                   Uniquely mapped reads number |	19000580
                        Uniquely mapped reads % |	60.96%
                          Average mapped length |	266.34
                       Number of splices: Total |	14485005
            Number of splices: Annotated (sjdb) |	12958478
                       Number of splices: GT/AG |	14311693
                       Number of splices: GC/AG |	93501
                       Number of splices: AT/AC |	13816
               Number of splices: Non-canonical |	65995
                      Mismatch rate per base, % |	0.94%
                         Deletion rate per base |	0.06%
                        Deletion average length |	2.56
                        Insertion rate per base |	0.04%
                       Insertion average length |	2.27
                             MULTI-MAPPING READS:
        Number of reads mapped to multiple loci |	1438746
             % of reads mapped to multiple loci |	4.62%
        Number of reads mapped to too many loci |	48919
             % of reads mapped to too many loci |	0.16%
                                  UNMAPPED READS:
       % of reads unmapped: too many mismatches |	0.00%
                 % of reads unmapped: too short |	34.15%
                     % of reads unmapped: other |	0.11%
                                  CHIMERIC READS:
                       Number of chimeric reads |	0
                            % of chimeric reads |	0.00%
