           Time    Speed        Read     Read   Mapped   Mapped   Mapped   Mapped Unmapped Unmapped Unmapped Unmapped
                    M/hr      number   length   unique   length   MMrate    multi   multi+       MM    short    other
Jun 09 10:25:36     38.6      738978      277    60.5%    265.8     1.0%     4.6%     0.2%     0.0%    34.7%     0.1%
Jun 09 10:26:46     50.1     1935943      277    60.5%    265.9     1.0%     4.6%     0.2%     0.0%    34.6%     0.1%
Jun 09 10:27:46     53.3     2948024      277    60.7%    266.0     0.9%     4.6%     0.2%     0.0%    34.5%     0.1%
Jun 09 10:28:51     54.0     3959227      277    60.8%    266.2     0.9%     4.6%     0.2%     0.0%    34.4%     0.1%
Jun 09 10:29:54     53.7     4878459      277    60.8%    266.2     0.9%     4.6%     0.2%     0.0%    34.3%     0.1%
Jun 09 10:30:56     50.3     5430291      277    60.8%    266.2     0.9%     4.6%     0.2%     0.0%    34.4%     0.1%
Jun 09 10:32:00     49.0     6166303      277    60.7%    266.2     0.9%     4.6%     0.2%     0.0%    34.4%     0.1%
Jun 09 10:33:06     48.5     6994027      277    60.7%    266.2     0.9%     4.6%     0.2%     0.0%    34.4%     0.1%
Jun 09 10:34:14     49.1     8006287      277    60.8%    266.2     0.9%     4.6%     0.2%     0.0%    34.4%     0.1%
Jun 09 10:35:20     48.7     8835044      277    60.8%    266.2     0.9%     4.6%     0.2%     0.0%    34.3%     0.1%
Jun 09 10:36:25     48.5     9663414      277    60.8%    266.2     0.9%     4.6%     0.2%     0.0%    34.3%     0.1%
Jun 09 10:37:31     48.6    10581830      277    60.9%    266.2     0.9%     4.6%     0.2%     0.0%    34.2%     0.1%
Jun 09 10:38:34     48.1    11315980      277    60.9%    266.2     0.9%     4.6%     0.2%     0.0%    34.2%     0.1%
Jun 09 10:39:36     47.7    12049576      277    60.9%    266.2     0.9%     4.6%     0.2%     0.0%    34.2%     0.1%
Jun 09 10:40:41     47.2    12783275      277    60.9%    266.3     0.9%     4.6%     0.2%     0.0%    34.2%     0.1%
Jun 09 10:41:47     47.1    13609054      277    61.0%    266.3     0.9%     4.6%     0.2%     0.0%    34.1%     0.1%
Jun 09 10:42:51     46.8    14342882      277    61.0%    266.3     0.9%     4.6%     0.2%     0.0%    34.1%     0.1%
Jun 09 10:43:52     47.7    15443635      277    61.0%    266.3     0.9%     4.6%     0.2%     0.0%    34.1%     0.1%
Jun 09 10:44:56     48.7    16635385      277    61.0%    266.3     0.9%     4.6%     0.2%     0.0%    34.1%     0.1%
Jun 09 10:45:57     49.5    17735279      277    61.0%    266.3     0.9%     4.6%     0.2%     0.0%    34.1%     0.1%
Jun 09 10:47:04     50.0    18834914      277    61.0%    266.3     0.9%     4.6%     0.2%     0.0%    34.1%     0.1%
Jun 09 10:48:09     49.1    19384554      277    61.0%    266.3     0.9%     4.6%     0.2%     0.0%    34.1%     0.1%
Jun 09 10:49:20     49.2    20392417      277    61.0%    266.3     0.9%     4.6%     0.2%     0.0%    34.1%     0.1%
Jun 09 10:50:21     49.6    21400852      277    61.0%    266.3     0.9%     4.6%     0.2%     0.0%    34.1%     0.1%
Jun 09 10:51:29     49.9    22500722      277    61.0%    266.3     0.9%     4.6%     0.2%     0.0%    34.2%     0.1%
Jun 09 10:52:30     50.3    23509037      277    60.9%    266.3     0.9%     4.6%     0.2%     0.0%    34.2%     0.1%
Jun 09 10:53:30     51.0    24701396      277    60.9%    266.3     0.9%     4.6%     0.2%     0.0%    34.2%     0.1%
Jun 09 10:54:33     50.9    25526848      277    60.9%    266.3     0.9%     4.6%     0.2%     0.0%    34.2%     0.1%
Jun 09 10:55:36     51.5    26718747      277    60.9%    266.3     0.9%     4.6%     0.2%     0.0%    34.2%     0.1%
Jun 09 10:56:40     51.3    27543501      277    60.9%    266.3     0.9%     4.6%     0.2%     0.0%    34.2%     0.1%
Jun 09 10:57:48     51.5    28643822      277    61.0%    266.3     0.9%     4.6%     0.2%     0.0%    34.2%     0.1%
Jun 09 10:58:51     51.6    29560662      277    61.0%    266.3     0.9%     4.6%     0.2%     0.0%    34.2%     0.1%
Jun 09 10:59:59     51.3    30385674      277    61.0%    266.3     0.9%     4.6%     0.2%     0.0%    34.2%     0.1%
Jun 09 11:01:22     50.2    30893121      277    61.0%    266.3     0.9%     4.6%     0.2%     0.0%    34.2%     0.1%
Jun 09 11:03:04     48.4    31168144      277    61.0%    266.3     0.9%     4.6%     0.2%     0.0%    34.2%     0.1%
ALL DONE!
