                                 Started job on |	Jun 09 11:20:40
                             Started mapping on |	Jun 09 11:21:03
                                    Finished on |	Jun 09 11:36:45
       Mapping speed, Million of reads per hour |	122.08

                          Number of input reads |	31944895
                      Average input read length |	276
                                    UNIQUE READS:
                   Uniquely mapped reads number |	18252434
                        Uniquely mapped reads % |	57.14%
                          Average mapped length |	263.54
                       Number of splices: Total |	12619311
            Number of splices: Annotated (sjdb) |	11341949
                       Number of splices: GT/AG |	12468725
                       Number of splices: GC/AG |	78772
                       Number of splices: AT/AC |	12327
               Number of splices: Non-canonical |	59487
                      Mismatch rate per base, % |	0.97%
                         Deletion rate per base |	0.06%
                        Deletion average length |	2.58
                        Insertion rate per base |	0.04%
                       Insertion average length |	2.26
                             MULTI-MAPPING READS:
        Number of reads mapped to multiple loci |	1532485
             % of reads mapped to multiple loci |	4.80%
        Number of reads mapped to too many loci |	48354
             % of reads mapped to too many loci |	0.15%
                                  UNMAPPED READS:
       % of reads unmapped: too many mismatches |	0.00%
                 % of reads unmapped: too short |	37.80%
                     % of reads unmapped: other |	0.11%
                                  CHIMERIC READS:
                       Number of chimeric reads |	0
                            % of chimeric reads |	0.00%
