                                 Started job on |	Jun 09 11:36:49
                             Started mapping on |	Jun 09 11:37:01
                                    Finished on |	Jun 09 11:50:40
       Mapping speed, Million of reads per hour |	124.91

                          Number of input reads |	28416269
                      Average input read length |	274
                                    UNIQUE READS:
                   Uniquely mapped reads number |	16639633
                        Uniquely mapped reads % |	58.56%
                          Average mapped length |	261.78
                       Number of splices: Total |	11399450
            Number of splices: Annotated (sjdb) |	10205972
                       Number of splices: GT/AG |	11261192
                       Number of splices: GC/AG |	71625
                       Number of splices: AT/AC |	11317
               Number of splices: Non-canonical |	55316
                      Mismatch rate per base, % |	0.96%
                         Deletion rate per base |	0.06%
                        Deletion average length |	2.58
                        Insertion rate per base |	0.04%
                       Insertion average length |	2.25
                             MULTI-MAPPING READS:
        Number of reads mapped to multiple loci |	1402827
             % of reads mapped to multiple loci |	4.94%
        Number of reads mapped to too many loci |	44623
             % of reads mapped to too many loci |	0.16%
                                  UNMAPPED READS:
       % of reads unmapped: too many mismatches |	0.00%
                 % of reads unmapped: too short |	36.23%
                     % of reads unmapped: other |	0.12%
                                  CHIMERIC READS:
                       Number of chimeric reads |	0
                            % of chimeric reads |	0.00%
