           Time    Speed        Read     Read   Mapped   Mapped   Mapped   Mapped Unmapped Unmapped Unmapped Unmapped
                    M/hr      number   length   unique   length   MMrate    multi   multi+       MM    short    other
Jun 09 12:08:58     35.6      652414      274    60.8%    263.6     0.9%     4.4%     0.2%     0.0%    34.4%     0.2%
Jun 09 12:10:28     30.1     1303520      274    61.0%    263.6     0.9%     4.4%     0.2%     0.0%    34.2%     0.2%
Jun 09 12:11:41     29.2     1860527      274    61.0%    263.7     0.9%     4.4%     0.2%     0.0%    34.2%     0.2%
Jun 09 12:12:48     32.8     2695954      274    61.1%    263.7     0.9%     4.4%     0.2%     0.0%    34.1%     0.2%
Jun 09 12:14:02     35.3     3623499      274    61.2%    263.9     0.9%     4.4%     0.2%     0.0%    34.0%     0.2%
Jun 09 12:15:52     30.7     4087226      274    61.2%    263.9     0.9%     4.4%     0.2%     0.0%    34.0%     0.2%
Jun 09 12:17:06     29.0     4458423      274    61.2%    263.9     0.9%     4.4%     0.2%     0.0%    34.0%     0.2%
Jun 09 12:18:23     30.7     5385992      274    61.3%    264.0     0.9%     4.4%     0.2%     0.0%    33.9%     0.2%
Jun 09 12:19:40     29.7     5849720      274    61.3%    264.0     0.9%     4.4%     0.2%     0.0%    33.9%     0.2%
Jun 09 12:20:46     29.4     6313620      274    61.2%    264.0     0.9%     4.4%     0.2%     0.0%    34.0%     0.2%
Jun 09 12:21:48     30.0     6963028      274    61.2%    264.0     0.9%     4.4%     0.2%     0.0%    34.0%     0.2%
Jun 09 12:22:53     30.8     7705428      274    61.2%    264.0     0.9%     4.4%     0.2%     0.0%    34.0%     0.2%
Jun 09 12:23:53     31.6     8447670      274    61.2%    264.0     0.9%     4.4%     0.2%     0.0%    34.0%     0.2%
Jun 09 12:25:14     30.5     8818863      274    61.2%    264.0     0.9%     4.4%     0.2%     0.0%    34.0%     0.2%
Jun 09 12:26:26     30.6     9468780      274    61.2%    264.0     0.9%     4.4%     0.2%     0.0%    34.0%     0.2%
Jun 09 12:27:33     31.7    10396239      274    61.3%    264.0     0.9%     4.4%     0.2%     0.0%    33.9%     0.2%
Jun 09 12:28:38     31.9    11044675      274    61.3%    264.0     0.9%     4.4%     0.2%     0.0%    33.9%     0.2%
Jun 09 12:29:39     32.2    11692932      274    61.3%    264.0     0.9%     4.4%     0.2%     0.0%    33.9%     0.2%
Jun 09 12:30:47     33.0    12618415      274    61.4%    264.0     0.9%     4.4%     0.2%     0.0%    33.8%     0.2%
Jun 09 12:31:53     32.9    13173309      274    61.4%    264.0     0.9%     4.4%     0.2%     0.0%    33.8%     0.2%
Jun 09 12:32:54     32.5    13543194      274    61.4%    264.0     0.9%     4.4%     0.2%     0.0%    33.8%     0.2%
Jun 09 12:34:02     32.8    14283060      274    61.4%    264.1     0.9%     4.4%     0.2%     0.0%    33.8%     0.2%
Jun 09 12:35:17     32.7    14930589      274    61.4%    264.1     0.9%     4.4%     0.2%     0.0%    33.7%     0.2%
Jun 09 12:36:18     32.7    15485547      274    61.4%    264.1     0.9%     4.4%     0.2%     0.0%    33.7%     0.2%
Jun 09 12:37:21     33.0    16225964      274    61.5%    264.1     0.9%     4.4%     0.2%     0.0%    33.7%     0.2%
Jun 09 12:38:35     33.1    16966419      274    61.5%    264.1     0.9%     4.4%     0.2%     0.0%    33.7%     0.2%
Jun 09 12:39:37     33.1    17521635      274    61.5%    264.1     0.9%     4.4%     0.2%     0.0%    33.7%     0.2%
Jun 09 12:40:39     33.4    18262066      274    61.5%    264.1     0.9%     4.4%     0.2%     0.0%    33.7%     0.2%
Jun 09 12:41:58     33.1    18816931      274    61.5%    264.1     0.9%     4.4%     0.2%     0.0%    33.7%     0.2%
Jun 09 12:43:02     33.2    19464273      274    61.5%    264.1     0.9%     4.4%     0.2%     0.0%    33.7%     0.2%
Jun 09 12:44:05     33.6    20296634      274    61.5%    264.1     0.9%     4.4%     0.2%     0.0%    33.7%     0.2%
Jun 09 12:45:05     33.9    21036296      274    61.5%    264.1     0.9%     4.4%     0.2%     0.0%    33.7%     0.2%
Jun 09 12:46:12     34.1    21776056      274    61.5%    264.1     0.9%     4.4%     0.2%     0.0%    33.7%     0.2%
Jun 09 12:47:37     33.7    22330747      274    61.5%    264.1     0.9%     4.4%     0.2%     0.0%    33.7%     0.2%
Jun 09 12:48:38     33.8    22977666      274    61.5%    264.1     0.9%     4.4%     0.2%     0.0%    33.7%     0.2%
Jun 09 12:50:07     33.3    23439721      274    61.5%    264.2     0.9%     4.4%     0.2%     0.0%    33.7%     0.2%
Jun 09 12:51:07     33.4    24086762      274    61.5%    264.2     0.9%     4.4%     0.2%     0.0%    33.7%     0.2%
Jun 09 12:52:51     33.1    24826468      274    61.5%    264.2     0.9%     4.4%     0.2%     0.0%    33.7%     0.2%
Jun 09 12:54:01     33.5    25751105      274    61.5%    264.2     0.9%     4.4%     0.2%     0.0%    33.7%     0.2%
Jun 09 12:55:04     33.3    26213320      274    61.5%    264.2     0.9%     4.4%     0.2%     0.0%    33.7%     0.2%
Jun 09 12:56:13     33.6    27045504      274    61.5%    264.2     0.9%     4.4%     0.2%     0.0%    33.7%     0.2%
Jun 09 12:57:14     33.5    27600304      274    61.4%    264.2     0.9%     4.4%     0.2%     0.0%    33.7%     0.2%
Jun 09 12:58:14     33.7    28247769      274    61.4%    264.2     0.9%     4.4%     0.2%     0.0%    33.7%     0.2%
Jun 09 12:59:20     33.7    28895513      274    61.4%    264.1     0.9%     4.4%     0.2%     0.0%    33.8%     0.2%
Jun 09 13:00:35     33.9    29820975      274    61.4%    264.1     0.9%     4.4%     0.2%     0.0%    33.8%     0.2%
Jun 09 13:01:47     33.7    30283596      274    61.4%    264.1     0.9%     4.4%     0.2%     0.0%    33.8%     0.2%
Jun 09 13:02:50     34.1    31208649      274    61.4%    264.1     0.9%     4.4%     0.2%     0.0%    33.8%     0.2%
Jun 09 13:04:04     34.2    32040898      274    61.4%    264.1     0.9%     4.4%     0.2%     0.0%    33.8%     0.2%
Jun 09 13:05:33     34.3    32965431      274    61.4%    264.1     0.9%     4.4%     0.2%     0.0%    33.8%     0.2%
Jun 09 13:06:35     34.3    33612782      274    61.4%    264.2     0.9%     4.4%     0.2%     0.0%    33.8%     0.2%
Jun 09 13:07:55     34.3    34352749      274    61.4%    264.2     0.9%     4.4%     0.2%     0.0%    33.7%     0.2%
Jun 09 13:08:59     34.3    34907825      274    61.4%    264.2     0.9%     4.4%     0.2%     0.0%    33.7%     0.2%
Jun 09 13:10:11     34.1    35462897      274    61.4%    264.2     0.9%     4.4%     0.2%     0.0%    33.7%     0.2%
Jun 09 13:11:17     34.1    36017851      274    61.4%    264.2     0.9%     4.4%     0.2%     0.0%    33.7%     0.2%
Jun 09 13:12:17     34.2    36757707      274    61.4%    264.2     0.9%     4.4%     0.2%     0.0%    33.7%     0.2%
Jun 09 13:13:34     34.1    37393844      274    61.5%    264.2     0.9%     4.4%     0.2%     0.0%    33.7%     0.2%
Jun 09 13:14:55     33.6    37578630      274    61.5%    264.2     0.9%     4.4%     0.2%     0.0%    33.7%     0.2%
ALL DONE!
