                                 Started job on |	Jun 09 13:33:28
                             Started mapping on |	Jun 09 13:33:40
                                    Finished on |	Jun 09 15:37:42
       Mapping speed, Million of reads per hour |	14.52

                          Number of input reads |	30023149
                      Average input read length |	273
                                    UNIQUE READS:
                   Uniquely mapped reads number |	18932232
                        Uniquely mapped reads % |	63.06%
                          Average mapped length |	264.57
                       Number of splices: Total |	16260993
            Number of splices: Annotated (sjdb) |	15180721
                       Number of splices: GT/AG |	16030560
                       Number of splices: GC/AG |	108187
                       Number of splices: AT/AC |	10626
               Number of splices: Non-canonical |	111620
                      Mismatch rate per base, % |	0.86%
                         Deletion rate per base |	0.06%
                        Deletion average length |	2.49
                        Insertion rate per base |	0.04%
                       Insertion average length |	2.50
                             MULTI-MAPPING READS:
        Number of reads mapped to multiple loci |	1428864
             % of reads mapped to multiple loci |	4.76%
        Number of reads mapped to too many loci |	62966
             % of reads mapped to too many loci |	0.21%
                                  UNMAPPED READS:
       % of reads unmapped: too many mismatches |	0.00%
                 % of reads unmapped: too short |	31.79%
                     % of reads unmapped: other |	0.18%
                                  CHIMERIC READS:
                       Number of chimeric reads |	0
                            % of chimeric reads |	0.00%
