                                 Started job on |	Jun 09 15:37:47
                             Started mapping on |	Jun 09 15:38:09
                                    Finished on |	Jun 09 15:54:21
       Mapping speed, Million of reads per hour |	131.47

                          Number of input reads |	35496521
                      Average input read length |	274
                                    UNIQUE READS:
                   Uniquely mapped reads number |	22920544
                        Uniquely mapped reads % |	64.57%
                          Average mapped length |	264.01
                       Number of splices: Total |	16843824
            Number of splices: Annotated (sjdb) |	15454465
                       Number of splices: GT/AG |	16601950
                       Number of splices: GC/AG |	103489
                       Number of splices: AT/AC |	13895
               Number of splices: Non-canonical |	124490
                      Mismatch rate per base, % |	0.88%
                         Deletion rate per base |	0.07%
                        Deletion average length |	2.56
                        Insertion rate per base |	0.05%
                       Insertion average length |	2.49
                             MULTI-MAPPING READS:
        Number of reads mapped to multiple loci |	1372000
             % of reads mapped to multiple loci |	3.87%
        Number of reads mapped to too many loci |	85130
             % of reads mapped to too many loci |	0.24%
                                  UNMAPPED READS:
       % of reads unmapped: too many mismatches |	0.00%
                 % of reads unmapped: too short |	31.11%
                     % of reads unmapped: other |	0.21%
                                  CHIMERIC READS:
                       Number of chimeric reads |	0
                            % of chimeric reads |	0.00%
