           Time    Speed        Read     Read   Mapped   Mapped   Mapped   Mapped Unmapped Unmapped Unmapped Unmapped
                    M/hr      number   length   unique   length   MMrate    multi   multi+       MM    short    other
Jun 09 16:08:45     26.0      468743      272    64.9%    263.7     1.0%     5.5%     0.2%     0.0%    29.1%     0.2%
Jun 09 16:09:51     43.7     1590808      272    65.0%    263.7     1.0%     5.5%     0.3%     0.0%    29.0%     0.2%
Jun 09 16:10:53     48.8     2618148      272    65.2%    263.8     1.0%     5.5%     0.3%     0.0%    28.8%     0.2%
Jun 09 16:11:58     48.3     3457947      272    65.3%    263.9     1.0%     5.5%     0.3%     0.0%    28.7%     0.2%
Jun 09 16:13:02     47.0     4204208      272    65.4%    264.0     0.9%     5.6%     0.3%     0.0%    28.6%     0.2%
Jun 09 16:14:05     48.0     5137371      272    65.4%    264.0     0.9%     5.6%     0.3%     0.0%    28.6%     0.2%
Jun 09 16:15:06     49.0     6070606      272    65.4%    264.0     0.9%     5.6%     0.3%     0.0%    28.6%     0.2%
Jun 09 16:16:07     49.7     7003958      272    65.3%    264.0     0.9%     5.6%     0.3%     0.0%    28.7%     0.2%
Jun 09 16:17:08     52.1     8217636      272    65.3%    264.0     0.9%     5.5%     0.3%     0.0%    28.7%     0.2%
Jun 09 16:18:08     51.9     9058236      272    65.3%    264.0     0.9%     5.6%     0.3%     0.0%    28.7%     0.2%
Jun 09 16:19:09     51.2     9805904      272    65.4%    264.0     0.9%     5.6%     0.3%     0.0%    28.6%     0.2%
Jun 09 16:20:22     49.8    10551285      272    65.4%    264.0     0.9%     5.6%     0.3%     0.0%    28.6%     0.2%
Jun 09 16:21:29     50.3    11575965      272    65.5%    264.0     0.9%     5.6%     0.3%     0.0%    28.5%     0.2%
Jun 09 16:22:30     49.5    12227321      272    65.5%    264.0     0.9%     5.6%     0.3%     0.0%    28.5%     0.2%
Jun 09 16:23:38     49.8    13251190      272    65.5%    264.1     0.9%     5.6%     0.3%     0.0%    28.4%     0.2%
Jun 09 16:24:38     50.5    14274942      272    65.6%    264.1     0.9%     5.6%     0.3%     0.0%    28.4%     0.2%
Jun 09 16:25:53     48.9    14833491      272    65.6%    264.1     0.9%     5.6%     0.3%     0.0%    28.4%     0.2%
Jun 09 16:27:14     48.6    15857954      272    65.6%    264.1     0.9%     5.6%     0.3%     0.0%    28.4%     0.2%
Jun 09 16:28:23     49.2    16975182      272    65.6%    264.1     0.9%     5.6%     0.3%     0.0%    28.3%     0.2%
Jun 09 16:29:23     49.0    17719547      272    65.6%    264.1     0.9%     5.6%     0.3%     0.0%    28.3%     0.2%
Jun 09 16:30:24     49.2    18649765      272    65.6%    264.1     0.9%     5.6%     0.3%     0.0%    28.3%     0.2%
Jun 09 16:31:36     47.9    19114861      272    65.6%    264.1     0.9%     5.6%     0.3%     0.0%    28.3%     0.2%
Jun 09 16:32:36     48.2    20044709      272    65.6%    264.1     0.9%     5.6%     0.3%     0.0%    28.3%     0.2%
Jun 09 16:33:40     48.6    21067497      272    65.6%    264.1     0.9%     5.6%     0.3%     0.0%    28.3%     0.2%
Jun 09 16:34:43     49.6    22369103      272    65.6%    264.2     0.9%     5.6%     0.3%     0.0%    28.3%     0.2%
Jun 09 16:35:51     49.8    23392243      272    65.6%    264.2     0.9%     5.6%     0.3%     0.0%    28.3%     0.2%
Jun 09 16:36:57     49.5    24136110      272    65.6%    264.2     0.9%     5.6%     0.3%     0.0%    28.3%     0.2%
Jun 09 16:37:58     49.5    24973081      272    65.6%    264.2     0.9%     5.6%     0.3%     0.0%    28.4%     0.2%
Jun 09 16:39:07     48.7    25530766      272    65.6%    264.2     0.9%     5.6%     0.3%     0.0%    28.4%     0.2%
Jun 09 16:40:07     48.6    26275055      272    65.6%    264.1     0.9%     5.6%     0.3%     0.0%    28.4%     0.2%
Jun 09 16:41:09     49.1    27391933      272    65.6%    264.1     0.9%     5.6%     0.3%     0.0%    28.4%     0.2%
Jun 09 16:42:19     50.0    28880807      272    65.6%    264.1     0.9%     5.6%     0.3%     0.0%    28.4%     0.2%
Jun 09 16:43:20     49.4    29345714      272    65.6%    264.1     0.9%     5.6%     0.3%     0.0%    28.4%     0.2%
Jun 09 16:44:29     49.2    30182668      272    65.6%    264.2     0.9%     5.6%     0.3%     0.0%    28.4%     0.2%
Jun 09 16:45:31     49.2    31019436      272    65.6%    264.2     0.9%     5.6%     0.3%     0.0%    28.4%     0.2%
Jun 09 16:46:33     49.2    31856620      272    65.6%    264.2     0.9%     5.6%     0.3%     0.0%    28.4%     0.2%
Jun 09 16:47:33     49.0    32601012      272    65.6%    264.2     0.9%     5.6%     0.3%     0.0%    28.4%     0.2%
Jun 09 16:48:33     48.8    33252047      272    65.6%    264.2     0.9%     5.6%     0.3%     0.0%    28.4%     0.2%
Jun 09 16:49:36     49.2    34368222      272    65.6%    264.2     0.9%     5.6%     0.3%     0.0%    28.4%     0.2%
Jun 09 16:51:10     47.8    34690276      272    65.6%    264.2     0.9%     5.6%     0.3%     0.0%    28.4%     0.2%
ALL DONE!
