                                 Started job on |	Jun 09 16:07:29
                             Started mapping on |	Jun 09 16:07:40
                                    Finished on |	Jun 09 16:51:10
       Mapping speed, Million of reads per hour |	47.85

                          Number of input reads |	34690276
                      Average input read length |	272
                                    UNIQUE READS:
                   Uniquely mapped reads number |	22761753
                        Uniquely mapped reads % |	65.61%
                          Average mapped length |	264.18
                       Number of splices: Total |	16140241
            Number of splices: Annotated (sjdb) |	14808867
                       Number of splices: GT/AG |	15921832
                       Number of splices: GC/AG |	90146
                       Number of splices: AT/AC |	10066
               Number of splices: Non-canonical |	118197
                      Mismatch rate per base, % |	0.95%
                         Deletion rate per base |	0.06%
                        Deletion average length |	2.53
                        Insertion rate per base |	0.04%
                       Insertion average length |	2.41
                             MULTI-MAPPING READS:
        Number of reads mapped to multiple loci |	1929681
             % of reads mapped to multiple loci |	5.56%
        Number of reads mapped to too many loci |	88916
             % of reads mapped to too many loci |	0.26%
                                  UNMAPPED READS:
       % of reads unmapped: too many mismatches |	0.00%
                 % of reads unmapped: too short |	28.37%
                     % of reads unmapped: other |	0.20%
                                  CHIMERIC READS:
                       Number of chimeric reads |	0
                            % of chimeric reads |	0.00%
