                                 Started job on |	Jun 09 16:51:16
                             Started mapping on |	Jun 09 16:51:38
                                    Finished on |	Jun 09 17:08:04
       Mapping speed, Million of reads per hour |	125.21

                          Number of input reads |	34294395
                      Average input read length |	273
                                    UNIQUE READS:
                   Uniquely mapped reads number |	21450464
                        Uniquely mapped reads % |	62.55%
                          Average mapped length |	263.63
                       Number of splices: Total |	14987833
            Number of splices: Annotated (sjdb) |	13759082
                       Number of splices: GT/AG |	14781160
                       Number of splices: GC/AG |	86027
                       Number of splices: AT/AC |	10824
               Number of splices: Non-canonical |	109822
                      Mismatch rate per base, % |	0.96%
                         Deletion rate per base |	0.06%
                        Deletion average length |	2.60
                        Insertion rate per base |	0.04%
                       Insertion average length |	2.46
                             MULTI-MAPPING READS:
        Number of reads mapped to multiple loci |	1531611
             % of reads mapped to multiple loci |	4.47%
        Number of reads mapped to too many loci |	80065
             % of reads mapped to too many loci |	0.23%
                                  UNMAPPED READS:
       % of reads unmapped: too many mismatches |	0.00%
                 % of reads unmapped: too short |	32.57%
                     % of reads unmapped: other |	0.18%
                                  CHIMERIC READS:
                       Number of chimeric reads |	0
                            % of chimeric reads |	0.00%
