                                 Started job on |	Jun 09 17:08:09
                             Started mapping on |	Jun 09 17:08:20
                                    Finished on |	Jun 09 17:24:49
       Mapping speed, Million of reads per hour |	108.52

                          Number of input reads |	29811785
                      Average input read length |	276
                                    UNIQUE READS:
                   Uniquely mapped reads number |	18975211
                        Uniquely mapped reads % |	63.65%
                          Average mapped length |	266.62
                       Number of splices: Total |	15257633
            Number of splices: Annotated (sjdb) |	14180938
                       Number of splices: GT/AG |	15036986
                       Number of splices: GC/AG |	101181
                       Number of splices: AT/AC |	13808
               Number of splices: Non-canonical |	105658
                      Mismatch rate per base, % |	0.85%
                         Deletion rate per base |	0.06%
                        Deletion average length |	2.60
                        Insertion rate per base |	0.04%
                       Insertion average length |	2.50
                             MULTI-MAPPING READS:
        Number of reads mapped to multiple loci |	1175593
             % of reads mapped to multiple loci |	3.94%
        Number of reads mapped to too many loci |	62433
             % of reads mapped to too many loci |	0.21%
                                  UNMAPPED READS:
       % of reads unmapped: too many mismatches |	0.00%
                 % of reads unmapped: too short |	32.01%
                     % of reads unmapped: other |	0.19%
                                  CHIMERIC READS:
                       Number of chimeric reads |	0
                            % of chimeric reads |	0.00%
