                                 Started job on |	Jun 09 17:24:54
                             Started mapping on |	Jun 09 17:25:04
                                    Finished on |	Jun 09 17:41:44
       Mapping speed, Million of reads per hour |	129.76

                          Number of input reads |	36043419
                      Average input read length |	278
                                    UNIQUE READS:
                   Uniquely mapped reads number |	23189916
                        Uniquely mapped reads % |	64.34%
                          Average mapped length |	268.99
                       Number of splices: Total |	17852819
            Number of splices: Annotated (sjdb) |	16485867
                       Number of splices: GT/AG |	17605978
                       Number of splices: GC/AG |	108630
                       Number of splices: AT/AC |	15885
               Number of splices: Non-canonical |	122326
                      Mismatch rate per base, % |	0.86%
                         Deletion rate per base |	0.06%
                        Deletion average length |	2.58
                        Insertion rate per base |	0.05%
                       Insertion average length |	2.48
                             MULTI-MAPPING READS:
        Number of reads mapped to multiple loci |	1507955
             % of reads mapped to multiple loci |	4.18%
        Number of reads mapped to too many loci |	79736
             % of reads mapped to too many loci |	0.22%
                                  UNMAPPED READS:
       % of reads unmapped: too many mismatches |	0.00%
                 % of reads unmapped: too short |	31.07%
                     % of reads unmapped: other |	0.19%
                                  CHIMERIC READS:
                       Number of chimeric reads |	0
                            % of chimeric reads |	0.00%
