                                 Started job on |	Jun 09 17:41:49
                             Started mapping on |	Jun 09 17:42:00
                                    Finished on |	Jun 09 17:57:06
       Mapping speed, Million of reads per hour |	199.27

                          Number of input reads |	50149533
                      Average input read length |	198
                                    UNIQUE READS:
                   Uniquely mapped reads number |	33356440
                        Uniquely mapped reads % |	66.51%
                          Average mapped length |	193.46
                       Number of splices: Total |	21680031
            Number of splices: Annotated (sjdb) |	19166650
                       Number of splices: GT/AG |	21457058
                       Number of splices: GC/AG |	148580
                       Number of splices: AT/AC |	12577
               Number of splices: Non-canonical |	61816
                      Mismatch rate per base, % |	1.05%
                         Deletion rate per base |	0.04%
                        Deletion average length |	2.34
                        Insertion rate per base |	0.03%
                       Insertion average length |	2.25
                             MULTI-MAPPING READS:
        Number of reads mapped to multiple loci |	2514644
             % of reads mapped to multiple loci |	5.01%
        Number of reads mapped to too many loci |	85201
             % of reads mapped to too many loci |	0.17%
                                  UNMAPPED READS:
       % of reads unmapped: too many mismatches |	0.00%
                 % of reads unmapped: too short |	28.12%
                     % of reads unmapped: other |	0.18%
                                  CHIMERIC READS:
                       Number of chimeric reads |	0
                            % of chimeric reads |	0.00%
