           Time    Speed        Read     Read   Mapped   Mapped   Mapped   Mapped Unmapped Unmapped Unmapped Unmapped
                    M/hr      number   length   unique   length   MMrate    multi   multi+       MM    short    other
Jun 09 18:10:59    117.0     1949578      196    57.8%    193.7     0.8%     5.2%     0.1%     0.0%    36.9%     0.1%
Jun 09 18:12:10    110.4     4016242      196    57.9%    193.7     0.8%     5.2%     0.1%     0.0%    36.8%     0.1%
Jun 09 18:13:11    125.4     6690551      196    57.9%    193.7     0.8%     5.2%     0.1%     0.0%    36.7%     0.1%
Jun 09 18:14:17    123.9     8878974      196    57.9%    193.7     0.8%     5.2%     0.1%     0.0%    36.7%     0.1%
Jun 09 18:15:18    123.5    10942391      196    57.9%    193.7     0.8%     5.2%     0.1%     0.0%    36.7%     0.1%
Jun 09 18:16:18    128.1    13485754      196    57.9%    193.7     0.8%     5.2%     0.1%     0.0%    36.7%     0.1%
Jun 09 18:17:18    127.5    15544469      196    57.9%    193.7     0.8%     5.2%     0.1%     0.0%    36.7%     0.1%
Jun 09 18:18:21    127.1    17724127      196    57.9%    193.7     0.8%     5.2%     0.1%     0.0%    36.7%     0.1%
Jun 09 18:19:28    128.2    20267217      196    58.0%    193.7     0.8%     5.2%     0.1%     0.0%    36.7%     0.1%
Jun 09 18:20:28    128.5    22447172      196    58.0%    193.7     0.8%     5.2%     0.1%     0.0%    36.7%     0.1%
Jun 09 18:21:30    128.3    24626545      196    58.0%    193.7     0.8%     5.2%     0.1%     0.0%    36.7%     0.1%
Jun 09 18:22:41    127.8    27047943      196    58.0%    193.7     0.8%     5.2%     0.1%     0.0%    36.7%     0.1%
Jun 09 18:23:44    128.1    29348408      196    58.0%    193.7     0.8%     5.2%     0.1%     0.0%    36.7%     0.1%
Jun 09 18:24:45    129.1    31770248      196    58.0%    193.7     0.8%     5.2%     0.1%     0.0%    36.7%     0.1%
Jun 09 18:25:52    127.8    33828838      196    58.0%    193.7     0.8%     5.2%     0.1%     0.0%    36.7%     0.1%
Jun 09 18:26:52    128.4    36129603      196    58.0%    193.7     0.8%     5.2%     0.1%     0.0%    36.7%     0.1%
Jun 09 18:27:56    128.9    38551423      196    58.0%    193.7     0.8%     5.2%     0.1%     0.0%    36.7%     0.1%
Jun 09 18:29:02    127.9    40609858      196    58.0%    193.7     0.8%     5.2%     0.1%     0.0%    36.7%     0.1%
Jun 09 18:30:08    128.7    43210428      196    58.0%    193.7     0.8%     5.2%     0.1%     0.0%    36.7%     0.1%
ALL DONE!
