                                 Started job on |	Jun 09 18:09:46
                             Started mapping on |	Jun 09 18:09:59
                                    Finished on |	Jun 09 18:30:43
       Mapping speed, Million of reads per hour |	125.05

                          Number of input reads |	43210428
                      Average input read length |	196
                                    UNIQUE READS:
                   Uniquely mapped reads number |	25046197
                        Uniquely mapped reads % |	57.96%
                          Average mapped length |	193.73
                       Number of splices: Total |	13599147
            Number of splices: Annotated (sjdb) |	12849912
                       Number of splices: GT/AG |	13351956
                       Number of splices: GC/AG |	182150
                       Number of splices: AT/AC |	5797
               Number of splices: Non-canonical |	59244
                      Mismatch rate per base, % |	0.81%
                         Deletion rate per base |	0.06%
                        Deletion average length |	2.48
                        Insertion rate per base |	0.03%
                       Insertion average length |	2.01
                             MULTI-MAPPING READS:
        Number of reads mapped to multiple loci |	2234185
             % of reads mapped to multiple loci |	5.17%
        Number of reads mapped to too many loci |	41808
             % of reads mapped to too many loci |	0.10%
                                  UNMAPPED READS:
       % of reads unmapped: too many mismatches |	0.00%
                 % of reads unmapped: too short |	36.67%
                     % of reads unmapped: other |	0.10%
                                  CHIMERIC READS:
                       Number of chimeric reads |	0
                            % of chimeric reads |	0.00%
