           Time    Speed        Read     Read   Mapped   Mapped   Mapped   Mapped Unmapped Unmapped Unmapped Unmapped
                    M/hr      number   length   unique   length   MMrate    multi   multi+       MM    short    other
Jun 30 03:27:35     87.8     1610457      268    49.6%    251.3     1.3%     5.0%     0.2%     0.0%    45.0%     0.2%
Jun 30 03:28:39    107.4     3877526      268    49.9%    251.5     1.2%     5.0%     0.2%     0.0%    44.7%     0.2%
Jun 30 03:29:45    112.8     6143477      268    49.9%    251.6     1.2%     5.0%     0.2%     0.0%    44.7%     0.2%
Jun 30 03:30:48    115.6     8316842      268    49.9%    251.6     1.2%     5.0%     0.2%     0.0%    44.7%     0.2%
Jun 30 03:31:48    116.3    10301882      268    49.9%    251.5     1.2%     5.0%     0.2%     0.0%    44.6%     0.2%
Jun 30 03:32:48    116.7    12280703      268    50.0%    251.6     1.2%     5.0%     0.2%     0.0%    44.5%     0.2%
Jun 30 03:33:51    117.7    14446612      268    50.1%    251.6     1.2%     5.1%     0.2%     0.0%    44.5%     0.2%
Jun 30 03:34:51    119.1    16613821      268    50.1%    251.6     1.2%     5.1%     0.2%     0.0%    44.4%     0.2%
Jun 30 03:35:53    119.9    18779638      268    50.1%    251.6     1.2%     5.1%     0.2%     0.0%    44.5%     0.2%
Jun 30 03:36:53    120.3    20850559      268    50.1%    251.7     1.2%     5.1%     0.2%     0.0%    44.5%     0.2%
Jun 30 03:37:54    120.0    22826765      268    50.1%    251.7     1.2%     5.1%     0.2%     0.0%    44.4%     0.2%
Jun 30 03:38:59    120.4    25086117      268    50.1%    251.7     1.2%     5.0%     0.2%     0.0%    44.5%     0.2%
Jun 30 03:40:03    120.9    27346487      268    50.0%    251.7     1.2%     5.0%     0.2%     0.0%    44.5%     0.2%
Jun 30 03:41:09    121.1    29606823      268    50.1%    251.7     1.2%     5.0%     0.2%     0.0%    44.5%     0.2%
Jun 30 03:42:13    121.5    31866026      268    50.1%    251.7     1.2%     5.0%     0.2%     0.0%    44.5%     0.2%
Jun 30 03:43:17    120.5    33749335      268    50.1%    251.7     1.2%     5.0%     0.2%     0.0%    44.5%     0.2%
Jun 30 03:45:06    112.0    34763129      268    50.1%    251.7     1.2%     5.0%     0.2%     0.0%    44.5%     0.2%
ALL DONE!
