                                 Started job on |	Jun 30 03:26:22
                             Started mapping on |	Jun 30 03:26:29
                                    Finished on |	Jun 30 03:45:35
       Mapping speed, Million of reads per hour |	109.20

                          Number of input reads |	34763129
                      Average input read length |	268
                                    UNIQUE READS:
                   Uniquely mapped reads number |	17404886
                        Uniquely mapped reads % |	50.07%
                          Average mapped length |	251.71
                       Number of splices: Total |	12072777
            Number of splices: Annotated (sjdb) |	10333169
                       Number of splices: GT/AG |	11945678
                       Number of splices: GC/AG |	60223
                       Number of splices: AT/AC |	9107
               Number of splices: Non-canonical |	57769
                      Mismatch rate per base, % |	1.25%
                         Deletion rate per base |	0.06%
                        Deletion average length |	2.49
                        Insertion rate per base |	0.04%
                       Insertion average length |	2.60
                             MULTI-MAPPING READS:
        Number of reads mapped to multiple loci |	1752838
             % of reads mapped to multiple loci |	5.04%
        Number of reads mapped to too many loci |	72682
             % of reads mapped to too many loci |	0.21%
                                  UNMAPPED READS:
       % of reads unmapped: too many mismatches |	0.00%
                 % of reads unmapped: too short |	44.50%
                     % of reads unmapped: other |	0.18%
                                  CHIMERIC READS:
                       Number of chimeric reads |	0
                            % of chimeric reads |	0.00%
