                                 Started job on |	Jun 30 03:45:39
                             Started mapping on |	Jun 30 03:45:47
                                    Finished on |	Jun 30 04:01:10
       Mapping speed, Million of reads per hour |	194.56

                          Number of input reads |	49883654
                      Average input read length |	197
                                    UNIQUE READS:
                   Uniquely mapped reads number |	29281530
                        Uniquely mapped reads % |	58.70%
                          Average mapped length |	190.71
                       Number of splices: Total |	16390922
            Number of splices: Annotated (sjdb) |	13842536
                       Number of splices: GT/AG |	16233558
                       Number of splices: GC/AG |	74614
                       Number of splices: AT/AC |	9105
               Number of splices: Non-canonical |	73645
                      Mismatch rate per base, % |	1.41%
                         Deletion rate per base |	0.06%
                        Deletion average length |	2.75
                        Insertion rate per base |	0.03%
                       Insertion average length |	2.34
                             MULTI-MAPPING READS:
        Number of reads mapped to multiple loci |	3065388
             % of reads mapped to multiple loci |	6.15%
        Number of reads mapped to too many loci |	59686
             % of reads mapped to too many loci |	0.12%
                                  UNMAPPED READS:
       % of reads unmapped: too many mismatches |	0.00%
                 % of reads unmapped: too short |	34.93%
                     % of reads unmapped: other |	0.10%
                                  CHIMERIC READS:
                       Number of chimeric reads |	0
                            % of chimeric reads |	0.00%
