           Time    Speed        Read     Read   Mapped   Mapped   Mapped   Mapped Unmapped Unmapped Unmapped Unmapped
                    M/hr      number   length   unique   length   MMrate    multi   multi+       MM    short    other
Jun 30 04:02:45     72.6     1390890      275    55.8%    263.7     1.1%     5.4%     0.1%     0.0%    38.6%     0.1%
Jun 30 04:03:46     79.5     2869990      275    55.9%    263.9     1.1%     5.4%     0.1%     0.0%    38.5%     0.1%
Jun 30 04:04:48     85.0     4532779      276    56.1%    264.1     1.1%     5.5%     0.1%     0.0%    38.2%     0.1%
Jun 30 04:05:48     79.3     5548829      276    56.2%    264.2     1.1%     5.5%     0.1%     0.0%    38.2%     0.1%
Jun 30 04:06:49     76.6     6657022      276    56.2%    264.2     1.1%     5.5%     0.1%     0.0%    38.2%     0.1%
Jun 30 04:07:52     77.0     8042987      276    56.1%    264.2     1.1%     5.5%     0.1%     0.0%    38.2%     0.1%
Jun 30 04:08:52     77.9     9429303      276    56.1%    264.2     1.1%     5.5%     0.1%     0.0%    38.2%     0.1%
Jun 30 04:09:58     78.9    10998105      276    56.1%    264.2     1.1%     5.5%     0.1%     0.0%    38.2%     0.1%
Jun 30 04:10:59     79.8    12474352      276    56.2%    264.2     1.1%     5.5%     0.1%     0.0%    38.1%     0.1%
Jun 30 04:12:07     79.1    13857320      276    56.3%    264.2     1.1%     5.5%     0.1%     0.0%    38.1%     0.1%
Jun 30 04:13:07     80.4    15422961      276    56.3%    264.3     1.0%     5.5%     0.1%     0.0%    38.0%     0.1%
Jun 30 04:14:07     80.1    16712889      276    56.4%    264.3     1.0%     5.5%     0.1%     0.0%    38.0%     0.1%
Jun 30 04:15:07     82.8    18648034      276    56.4%    264.3     1.0%     5.5%     0.1%     0.0%    38.0%     0.1%
Jun 30 04:16:24     80.1    19753873      276    56.4%    264.3     1.0%     5.5%     0.1%     0.0%    37.9%     0.1%
Jun 30 04:17:29     80.5    21320191      276    56.4%    264.3     1.0%     5.5%     0.1%     0.0%    37.9%     0.1%
Jun 30 04:18:34     79.0    22333213      276    56.4%    264.3     1.0%     5.5%     0.1%     0.0%    37.9%     0.1%
Jun 30 04:19:37     80.5    24174827      276    56.4%    264.3     1.0%     5.5%     0.1%     0.0%    38.0%     0.1%
Jun 30 04:20:43     80.5    25647665      276    56.4%    264.4     1.1%     5.5%     0.1%     0.0%    38.0%     0.1%
Jun 30 04:21:43     80.6    27028117      276    56.4%    264.4     1.1%     5.5%     0.1%     0.0%    37.9%     0.1%
Jun 30 04:22:43     80.5    28317160      276    56.4%    264.4     1.1%     5.5%     0.1%     0.0%    38.0%     0.1%
Jun 30 04:23:47     81.1    29974208      276    56.4%    264.4     1.1%     5.5%     0.1%     0.0%    38.0%     0.1%
Jun 30 04:24:49     81.0    31355069      276    56.3%    264.4     1.1%     5.5%     0.1%     0.0%    38.0%     0.1%
Jun 30 04:25:49     81.8    33013827      276    56.3%    264.4     1.1%     5.5%     0.1%     0.0%    38.0%     0.1%
Jun 30 04:26:54     80.9    34119669      276    56.3%    264.4     1.1%     5.5%     0.1%     0.0%    38.0%     0.1%
Jun 30 04:27:59     80.7    35501474      276    56.3%    264.4     1.1%     5.5%     0.1%     0.0%    38.0%     0.1%
Jun 30 04:28:59     80.8    36882654      276    56.3%    264.4     1.1%     5.5%     0.1%     0.0%    38.0%     0.1%
Jun 30 04:30:13     80.4    38356070      276    56.4%    264.4     1.1%     5.5%     0.1%     0.0%    38.0%     0.1%
Jun 30 04:31:20     81.3    40290118      276    56.4%    264.4     1.1%     5.5%     0.1%     0.0%    38.0%     0.1%
Jun 30 04:32:26     81.6    41917445      276    56.4%    264.4     1.1%     5.5%     0.1%     0.0%    38.0%     0.1%
ALL DONE!
