           Time    Speed        Read     Read   Mapped   Mapped   Mapped   Mapped Unmapped Unmapped Unmapped Unmapped
                    M/hr      number   length   unique   length   MMrate    multi   multi+       MM    short    other
Jun 30 04:34:25     19.4      371556      275    56.6%    264.3     1.0%     4.9%     0.1%     0.0%    38.3%     0.1%
Jun 30 04:35:32     24.6      928012      275    56.7%    264.3     1.0%     4.9%     0.1%     0.0%    38.3%     0.1%
Jun 30 04:36:43     22.6     1298634      275    56.6%    264.3     1.0%     4.9%     0.1%     0.0%    38.3%     0.1%
Jun 30 04:37:44     24.9     1853711      275    56.7%    264.3     1.0%     4.9%     0.1%     0.0%    38.3%     0.1%
Jun 30 04:39:02     28.9     2778637      275    56.7%    264.4     1.0%     4.9%     0.1%     0.0%    38.2%     0.1%
Jun 30 04:40:09     28.2     3240690      275    56.8%    264.5     1.0%     4.9%     0.1%     0.0%    38.1%     0.1%
Jun 30 04:41:15     30.6     4072372      275    56.8%    264.6     1.0%     4.9%     0.1%     0.0%    38.1%     0.1%
Jun 30 04:42:48     31.4     4996064      276    56.9%    264.7     1.0%     4.9%     0.1%     0.0%    38.0%     0.1%
Jun 30 04:43:49     33.1     5827713      276    56.9%    264.8     1.0%     4.9%     0.1%     0.0%    38.0%     0.1%
Jun 30 04:45:18     32.3     6474833      276    56.9%    264.7     1.0%     4.9%     0.1%     0.0%    38.1%     0.1%
Jun 30 04:46:19     34.0     7399570      276    56.8%    264.7     1.0%     4.9%     0.1%     0.0%    38.1%     0.1%
Jun 30 04:47:35     32.9     7862076      276    56.8%    264.7     1.0%     4.9%     0.1%     0.0%    38.1%     0.1%
Jun 30 04:48:45     32.3     8324353      276    56.8%    264.7     1.0%     4.9%     0.1%     0.0%    38.1%     0.1%
Jun 30 04:49:45     32.3     8879165      276    56.8%    264.7     1.0%     4.9%     0.1%     0.0%    38.1%     0.1%
Jun 30 04:50:51     32.5     9527089      276    56.8%    264.7     1.0%     4.9%     0.1%     0.0%    38.1%     0.1%
Jun 30 04:51:57     32.7    10174370      275    56.9%    264.7     1.0%     4.9%     0.1%     0.0%    38.0%     0.1%
Jun 30 04:53:01     32.6    10727916      275    56.9%    264.7     1.0%     4.9%     0.1%     0.0%    38.0%     0.1%
Jun 30 04:54:06     32.8    11373876      275    56.9%    264.7     1.0%     4.9%     0.1%     0.0%    38.0%     0.1%
Jun 30 04:55:19     32.7    12019466      275    57.0%    264.7     1.0%     4.9%     0.1%     0.0%    37.9%     0.1%
Jun 30 04:56:29     33.2    12848952      275    57.0%    264.7     1.0%     4.9%     0.1%     0.0%    37.9%     0.1%
Jun 30 04:57:32     33.4    13494381      275    57.0%    264.7     1.0%     4.9%     0.1%     0.0%    37.9%     0.1%
Jun 30 04:58:34     33.3    14047564      275    57.0%    264.7     1.0%     4.9%     0.1%     0.0%    37.9%     0.1%
Jun 30 04:59:49     33.2    14692616      275    57.0%    264.8     1.0%     4.9%     0.1%     0.0%    37.9%     0.1%
Jun 30 05:01:25     32.3    15153441      275    57.0%    264.8     1.0%     4.9%     0.1%     0.0%    37.9%     0.1%
Jun 30 05:02:37     31.9    15614261      275    57.0%    264.8     1.0%     4.9%     0.1%     0.0%    37.8%     0.1%
Jun 30 05:04:08     31.8    16352050      275    57.1%    264.8     1.0%     4.9%     0.1%     0.0%    37.8%     0.1%
Jun 30 05:05:18     31.5    16813264      275    57.1%    264.8     1.0%     4.9%     0.1%     0.0%    37.8%     0.1%
Jun 30 05:06:25     31.9    17643080      275    57.1%    264.8     1.0%     4.9%     0.1%     0.0%    37.8%     0.1%
Jun 30 05:07:26     32.1    18288305      275    57.1%    264.8     1.0%     4.9%     0.1%     0.0%    37.8%     0.1%
Jun 30 05:08:52     31.4    18657026      275    57.1%    264.8     1.0%     4.9%     0.1%     0.0%    37.8%     0.1%
Jun 30 05:09:55     31.8    19394261      275    57.1%    264.8     1.0%     4.9%     0.1%     0.0%    37.8%     0.1%
Jun 30 05:10:57     32.1    20131330      275    57.1%    264.8     1.0%     4.9%     0.1%     0.0%    37.8%     0.1%
Jun 30 05:12:01     31.9    20591922      275    57.1%    264.8     1.0%     4.9%     0.1%     0.0%    37.8%     0.1%
Jun 30 05:13:03     32.2    21328761      276    57.1%    264.8     1.0%     4.9%     0.1%     0.0%    37.8%     0.1%
Jun 30 05:14:12     32.2    21973506      276    57.1%    264.8     1.0%     4.9%     0.1%     0.0%    37.8%     0.1%
Jun 30 05:15:18     32.4    22710326      276    57.1%    264.8     1.0%     4.9%     0.1%     0.0%    37.8%     0.1%
Jun 30 05:16:27     32.7    23538984      276    57.1%    264.8     1.0%     4.9%     0.1%     0.0%    37.8%     0.1%
Jun 30 05:17:29     32.7    24091645      276    57.1%    264.8     1.0%     4.9%     0.1%     0.0%    37.8%     0.1%
Jun 30 05:18:29     32.7    24644314      276    57.1%    264.8     1.0%     4.9%     0.1%     0.0%    37.8%     0.1%
Jun 30 05:19:29     32.6    25105033      276    57.1%    264.8     1.0%     4.9%     0.1%     0.0%    37.8%     0.1%
Jun 30 05:20:39     32.7    25841978      276    57.1%    264.8     1.0%     4.9%     0.1%     0.0%    37.8%     0.1%
Jun 30 05:21:41     33.1    26671102      276    57.0%    264.8     1.0%     4.9%     0.1%     0.0%    37.9%     0.1%
Jun 30 05:23:02     32.9    27316015      276    57.0%    264.8     1.0%     4.9%     0.1%     0.0%    37.9%     0.1%
Jun 30 05:24:06     33.2    28145831      276    57.0%    264.8     1.0%     4.9%     0.1%     0.0%    37.9%     0.1%
Jun 30 05:25:21     33.2    28791183      276    57.0%    264.8     1.0%     4.9%     0.1%     0.0%    37.9%     0.1%
Jun 30 05:26:26     33.2    29436826      276    57.0%    264.8     1.0%     4.9%     0.1%     0.0%    37.9%     0.1%
Jun 30 05:27:26     33.0    29805436      276    57.0%    264.8     1.0%     4.9%     0.1%     0.0%    37.9%     0.1%
Jun 30 05:28:28     32.9    30266272      276    57.0%    264.8     1.0%     4.9%     0.1%     0.0%    37.9%     0.1%
Jun 30 05:29:35     32.9    30911506      276    57.0%    264.8     1.0%     4.9%     0.1%     0.0%    37.9%     0.1%
Jun 30 05:30:44     32.9    31556406      276    57.0%    264.8     1.0%     4.9%     0.1%     0.0%    37.9%     0.1%
Jun 30 05:31:52     32.8    32016827      276    57.0%    264.8     1.0%     4.9%     0.1%     0.0%    37.9%     0.1%
Jun 30 05:32:56     33.0    32846034      276    57.0%    264.8     1.0%     4.9%     0.1%     0.0%    37.9%     0.1%
Jun 30 05:34:01     33.2    33583366      276    57.0%    264.8     1.0%     4.9%     0.1%     0.0%    37.9%     0.1%
Jun 30 05:35:09     33.1    34136103      276    57.0%    264.8     1.0%     4.9%     0.1%     0.0%    37.9%     0.1%
Jun 30 05:36:10     33.0    34596846      276    57.0%    264.8     1.0%     4.9%     0.1%     0.0%    37.9%     0.1%
Jun 30 05:37:13     33.2    35426164      276    57.0%    264.8     1.0%     4.9%     0.1%     0.0%    37.9%     0.1%
Jun 30 05:38:15     33.2    35979157      276    57.1%    264.8     1.0%     4.9%     0.1%     0.0%    37.8%     0.1%
Jun 30 05:39:21     33.1    36497175      276    57.0%    264.8     1.0%     4.9%     0.1%     0.0%    37.9%     0.1%
Jun 30 05:42:39     31.7    36681479      276    57.0%    264.8     1.0%     4.9%     0.1%     0.0%    37.9%     0.1%
ALL DONE!
