                                 Started job on |	Jun 30 04:33:08
                             Started mapping on |	Jun 30 04:33:16
                                    Finished on |	Jun 30 05:43:16
       Mapping speed, Million of reads per hour |	31.44

                          Number of input reads |	36681479
                      Average input read length |	276
                                    UNIQUE READS:
                   Uniquely mapped reads number |	20926379
                        Uniquely mapped reads % |	57.05%
                          Average mapped length |	264.85
                       Number of splices: Total |	20208931
            Number of splices: Annotated (sjdb) |	18807652
                       Number of splices: GT/AG |	19975463
                       Number of splices: GC/AG |	110855
                       Number of splices: AT/AC |	11645
               Number of splices: Non-canonical |	110968
                      Mismatch rate per base, % |	1.01%
                         Deletion rate per base |	0.05%
                        Deletion average length |	2.54
                        Insertion rate per base |	0.04%
                       Insertion average length |	2.63
                             MULTI-MAPPING READS:
        Number of reads mapped to multiple loci |	1813451
             % of reads mapped to multiple loci |	4.94%
        Number of reads mapped to too many loci |	32047
             % of reads mapped to too many loci |	0.09%
                                  UNMAPPED READS:
       % of reads unmapped: too many mismatches |	0.00%
                 % of reads unmapped: too short |	37.85%
                     % of reads unmapped: other |	0.07%
                                  CHIMERIC READS:
                       Number of chimeric reads |	0
                            % of chimeric reads |	0.00%
