                                 Started job on |	Jun 30 05:43:21
                             Started mapping on |	Jun 30 05:43:46
                                    Finished on |	Jun 30 06:05:11
       Mapping speed, Million of reads per hour |	114.51

                          Number of input reads |	40872287
                      Average input read length |	277
                                    UNIQUE READS:
                   Uniquely mapped reads number |	21988575
                        Uniquely mapped reads % |	53.80%
                          Average mapped length |	265.88
                       Number of splices: Total |	20448905
            Number of splices: Annotated (sjdb) |	18962832
                       Number of splices: GT/AG |	20193041
                       Number of splices: GC/AG |	106157
                       Number of splices: AT/AC |	13330
               Number of splices: Non-canonical |	136377
                      Mismatch rate per base, % |	1.06%
                         Deletion rate per base |	0.05%
                        Deletion average length |	2.55
                        Insertion rate per base |	0.04%
                       Insertion average length |	2.62
                             MULTI-MAPPING READS:
        Number of reads mapped to multiple loci |	2092667
             % of reads mapped to multiple loci |	5.12%
        Number of reads mapped to too many loci |	36820
             % of reads mapped to too many loci |	0.09%
                                  UNMAPPED READS:
       % of reads unmapped: too many mismatches |	0.00%
                 % of reads unmapped: too short |	40.92%
                     % of reads unmapped: other |	0.07%
                                  CHIMERIC READS:
                       Number of chimeric reads |	0
                            % of chimeric reads |	0.00%
