           Time    Speed        Read     Read   Mapped   Mapped   Mapped   Mapped Unmapped Unmapped Unmapped Unmapped
                    M/hr      number   length   unique   length   MMrate    multi   multi+       MM    short    other
Jun 30 05:44:52     85.5     1566833      277    53.3%    265.4     1.1%     5.1%     0.1%     0.0%    41.4%     0.1%
Jun 30 05:45:56    104.5     3773410      277    53.5%    265.5     1.1%     5.1%     0.1%     0.0%    41.2%     0.1%
Jun 30 05:47:02    108.1     5886564      277    53.6%    265.7     1.1%     5.1%     0.1%     0.0%    41.1%     0.1%
Jun 30 05:48:07    111.6     8092548      277    53.6%    265.7     1.1%     5.1%     0.1%     0.0%    41.2%     0.1%
Jun 30 05:49:07    114.5    10206349      277    53.6%    265.7     1.1%     5.1%     0.1%     0.0%    41.1%     0.1%
Jun 30 05:50:10    115.5    12316117      277    53.7%    265.7     1.0%     5.1%     0.1%     0.0%    41.0%     0.1%
Jun 30 05:51:11    116.7    14424779      277    53.7%    265.7     1.0%     5.1%     0.1%     0.0%    41.0%     0.1%
Jun 30 05:52:12    117.6    16531918      277    53.8%    265.8     1.0%     5.1%     0.1%     0.0%    40.9%     0.1%
Jun 30 05:53:13    116.6    18365286      277    53.8%    265.8     1.0%     5.1%     0.1%     0.0%    40.9%     0.1%
Jun 30 05:54:17    115.2    20198511      277    53.8%    265.8     1.0%     5.1%     0.1%     0.0%    40.9%     0.1%
Jun 30 05:55:22    115.4    22305859      277    53.8%    265.8     1.0%     5.1%     0.1%     0.0%    40.9%     0.1%
Jun 30 05:56:22    116.3    24412760      277    53.8%    265.8     1.0%     5.1%     0.1%     0.0%    40.9%     0.1%
Jun 30 05:57:24    115.9    26335779      277    53.8%    265.9     1.0%     5.1%     0.1%     0.0%    40.9%     0.1%
Jun 30 05:58:24    116.2    28351060      277    53.8%    265.9     1.0%     5.1%     0.1%     0.0%    40.9%     0.1%
Jun 30 05:59:24    116.5    30366424      277    53.8%    265.9     1.1%     5.1%     0.1%     0.0%    40.9%     0.1%
Jun 30 06:00:24    117.1    32474600      277    53.8%    265.8     1.1%     5.1%     0.1%     0.0%    40.9%     0.1%
Jun 30 06:01:25    116.9    34399112      277    53.8%    265.9     1.1%     5.1%     0.1%     0.0%    40.9%     0.1%
Jun 30 06:02:26    116.8    36322997      277    53.8%    265.9     1.1%     5.1%     0.1%     0.0%    40.9%     0.1%
Jun 30 06:03:27    116.6    38247107      277    53.8%    265.9     1.1%     5.1%     0.1%     0.0%    40.9%     0.1%
Jun 30 06:04:28    117.0    40354401      277    53.8%    265.9     1.1%     5.1%     0.1%     0.0%    40.9%     0.1%
ALL DONE!
