                                 Started job on |	Jun 30 06:20:42
                             Started mapping on |	Jun 30 06:20:49
                                    Finished on |	Jun 30 06:35:44
       Mapping speed, Million of reads per hour |	125.82

                          Number of input reads |	31279016
                      Average input read length |	276
                                    UNIQUE READS:
                   Uniquely mapped reads number |	17156209
                        Uniquely mapped reads % |	54.85%
                          Average mapped length |	262.41
                       Number of splices: Total |	15254546
            Number of splices: Annotated (sjdb) |	13421021
                       Number of splices: GT/AG |	15077690
                       Number of splices: GC/AG |	89179
                       Number of splices: AT/AC |	12196
               Number of splices: Non-canonical |	75481
                      Mismatch rate per base, % |	1.09%
                         Deletion rate per base |	0.05%
                        Deletion average length |	2.29
                        Insertion rate per base |	0.04%
                       Insertion average length |	2.59
                             MULTI-MAPPING READS:
        Number of reads mapped to multiple loci |	1705765
             % of reads mapped to multiple loci |	5.45%
        Number of reads mapped to too many loci |	34252
             % of reads mapped to too many loci |	0.11%
                                  UNMAPPED READS:
       % of reads unmapped: too many mismatches |	0.00%
                 % of reads unmapped: too short |	39.51%
                     % of reads unmapped: other |	0.08%
                                  CHIMERIC READS:
                       Number of chimeric reads |	0
                            % of chimeric reads |	0.00%
