                                 Started job on |	Jun 30 06:49:43
                             Started mapping on |	Jun 30 06:50:01
                                    Finished on |	Jun 30 07:05:20
       Mapping speed, Million of reads per hour |	193.68

                          Number of input reads |	49441573
                      Average input read length |	197
                                    UNIQUE READS:
                   Uniquely mapped reads number |	28461554
                        Uniquely mapped reads % |	57.57%
                          Average mapped length |	190.58
                       Number of splices: Total |	16621248
            Number of splices: Annotated (sjdb) |	14112559
                       Number of splices: GT/AG |	16462527
                       Number of splices: GC/AG |	74201
                       Number of splices: AT/AC |	9624
               Number of splices: Non-canonical |	74896
                      Mismatch rate per base, % |	1.40%
                         Deletion rate per base |	0.05%
                        Deletion average length |	2.73
                        Insertion rate per base |	0.03%
                       Insertion average length |	2.37
                             MULTI-MAPPING READS:
        Number of reads mapped to multiple loci |	2795780
             % of reads mapped to multiple loci |	5.65%
        Number of reads mapped to too many loci |	51056
             % of reads mapped to too many loci |	0.10%
                                  UNMAPPED READS:
       % of reads unmapped: too many mismatches |	0.00%
                 % of reads unmapped: too short |	36.58%
                     % of reads unmapped: other |	0.09%
                                  CHIMERIC READS:
                       Number of chimeric reads |	0
                            % of chimeric reads |	0.00%
