                                 Started job on |	Jun 30 07:05:25
                             Started mapping on |	Jun 30 07:05:33
                                    Finished on |	Jun 30 07:20:23
       Mapping speed, Million of reads per hour |	192.84

                          Number of input reads |	47674100
                      Average input read length |	198
                                    UNIQUE READS:
                   Uniquely mapped reads number |	28321088
                        Uniquely mapped reads % |	59.41%
                          Average mapped length |	191.35
                       Number of splices: Total |	16053466
            Number of splices: Annotated (sjdb) |	13722367
                       Number of splices: GT/AG |	15831832
                       Number of splices: GC/AG |	87534
                       Number of splices: AT/AC |	11155
               Number of splices: Non-canonical |	122945
                      Mismatch rate per base, % |	1.38%
                         Deletion rate per base |	0.06%
                        Deletion average length |	2.69
                        Insertion rate per base |	0.03%
                       Insertion average length |	2.18
                             MULTI-MAPPING READS:
        Number of reads mapped to multiple loci |	3471232
             % of reads mapped to multiple loci |	7.28%
        Number of reads mapped to too many loci |	45407
             % of reads mapped to too many loci |	0.10%
                                  UNMAPPED READS:
       % of reads unmapped: too many mismatches |	0.00%
                 % of reads unmapped: too short |	33.12%
                     % of reads unmapped: other |	0.09%
                                  CHIMERIC READS:
                       Number of chimeric reads |	0
                            % of chimeric reads |	0.00%
