                                 Started job on |	Jun 30 07:30:32
                             Started mapping on |	Jun 30 07:30:39
                                    Finished on |	Jun 30 07:39:15
       Mapping speed, Million of reads per hour |	211.41

                          Number of input reads |	30302168
                      Average input read length |	198
                                    UNIQUE READS:
                   Uniquely mapped reads number |	19689155
                        Uniquely mapped reads % |	64.98%
                          Average mapped length |	192.51
                       Number of splices: Total |	13008611
            Number of splices: Annotated (sjdb) |	11270880
                       Number of splices: GT/AG |	12880387
                       Number of splices: GC/AG |	87539
                       Number of splices: AT/AC |	12059
               Number of splices: Non-canonical |	28626
                      Mismatch rate per base, % |	1.14%
                         Deletion rate per base |	0.05%
                        Deletion average length |	2.63
                        Insertion rate per base |	0.03%
                       Insertion average length |	2.27
                             MULTI-MAPPING READS:
        Number of reads mapped to multiple loci |	1351814
             % of reads mapped to multiple loci |	4.46%
        Number of reads mapped to too many loci |	35564
             % of reads mapped to too many loci |	0.12%
                                  UNMAPPED READS:
       % of reads unmapped: too many mismatches |	0.00%
                 % of reads unmapped: too short |	30.32%
                     % of reads unmapped: other |	0.13%
                                  CHIMERIC READS:
                       Number of chimeric reads |	0
                            % of chimeric reads |	0.00%
