                                 Started job on |	Jun 30 07:39:19
                             Started mapping on |	Jun 30 07:39:27
                                    Finished on |	Jun 30 07:48:34
       Mapping speed, Million of reads per hour |	194.78

                          Number of input reads |	29596132
                      Average input read length |	198
                                    UNIQUE READS:
                   Uniquely mapped reads number |	18485742
                        Uniquely mapped reads % |	62.46%
                          Average mapped length |	192.69
                       Number of splices: Total |	11070693
            Number of splices: Annotated (sjdb) |	9676901
                       Number of splices: GT/AG |	10961587
                       Number of splices: GC/AG |	72270
                       Number of splices: AT/AC |	9147
               Number of splices: Non-canonical |	27689
                      Mismatch rate per base, % |	1.12%
                         Deletion rate per base |	0.05%
                        Deletion average length |	2.66
                        Insertion rate per base |	0.03%
                       Insertion average length |	2.31
                             MULTI-MAPPING READS:
        Number of reads mapped to multiple loci |	2339092
             % of reads mapped to multiple loci |	7.90%
        Number of reads mapped to too many loci |	35031
             % of reads mapped to too many loci |	0.12%
                                  UNMAPPED READS:
       % of reads unmapped: too many mismatches |	0.00%
                 % of reads unmapped: too short |	29.39%
                     % of reads unmapped: other |	0.13%
                                  CHIMERIC READS:
                       Number of chimeric reads |	0
                            % of chimeric reads |	0.00%
