                                 Started job on |	Jun 30 07:48:38
                             Started mapping on |	Jun 30 07:48:45
                                    Finished on |	Jun 30 07:58:52
       Mapping speed, Million of reads per hour |	223.83

                          Number of input reads |	37739462
                      Average input read length |	198
                                    UNIQUE READS:
                   Uniquely mapped reads number |	26579498
                        Uniquely mapped reads % |	70.43%
                          Average mapped length |	193.70
                       Number of splices: Total |	15311321
            Number of splices: Annotated (sjdb) |	13629895
                       Number of splices: GT/AG |	15139580
                       Number of splices: GC/AG |	98792
                       Number of splices: AT/AC |	14233
               Number of splices: Non-canonical |	58716
                      Mismatch rate per base, % |	0.99%
                         Deletion rate per base |	0.05%
                        Deletion average length |	2.43
                        Insertion rate per base |	0.03%
                       Insertion average length |	2.09
                             MULTI-MAPPING READS:
        Number of reads mapped to multiple loci |	1987222
             % of reads mapped to multiple loci |	5.27%
        Number of reads mapped to too many loci |	62222
             % of reads mapped to too many loci |	0.16%
                                  UNMAPPED READS:
       % of reads unmapped: too many mismatches |	0.00%
                 % of reads unmapped: too short |	23.96%
                     % of reads unmapped: other |	0.18%
                                  CHIMERIC READS:
                       Number of chimeric reads |	0
                            % of chimeric reads |	0.00%
