                                 Started job on |	Jun 30 07:58:57
                             Started mapping on |	Jun 30 07:59:17
                                    Finished on |	Jun 30 08:07:51
       Mapping speed, Million of reads per hour |	203.32

                          Number of input reads |	29029686
                      Average input read length |	198
                                    UNIQUE READS:
                   Uniquely mapped reads number |	17948338
                        Uniquely mapped reads % |	61.83%
                          Average mapped length |	191.34
                       Number of splices: Total |	10654789
            Number of splices: Annotated (sjdb) |	8806802
                       Number of splices: GT/AG |	10552967
                       Number of splices: GC/AG |	65393
                       Number of splices: AT/AC |	8548
               Number of splices: Non-canonical |	27881
                      Mismatch rate per base, % |	1.44%
                         Deletion rate per base |	0.04%
                        Deletion average length |	2.67
                        Insertion rate per base |	0.03%
                       Insertion average length |	2.27
                             MULTI-MAPPING READS:
        Number of reads mapped to multiple loci |	1676136
             % of reads mapped to multiple loci |	5.77%
        Number of reads mapped to too many loci |	36099
             % of reads mapped to too many loci |	0.12%
                                  UNMAPPED READS:
       % of reads unmapped: too many mismatches |	0.00%
                 % of reads unmapped: too short |	32.17%
                     % of reads unmapped: other |	0.11%
                                  CHIMERIC READS:
                       Number of chimeric reads |	0
                            % of chimeric reads |	0.00%
