                                 Started job on |	Jun 30 08:16:25
                             Started mapping on |	Jun 30 08:16:33
                                    Finished on |	Jun 30 08:25:05
       Mapping speed, Million of reads per hour |	200.68

                          Number of input reads |	28540482
                      Average input read length |	198
                                    UNIQUE READS:
                   Uniquely mapped reads number |	17998995
                        Uniquely mapped reads % |	63.06%
                          Average mapped length |	191.40
                       Number of splices: Total |	10798094
            Number of splices: Annotated (sjdb) |	8728565
                       Number of splices: GT/AG |	10695696
                       Number of splices: GC/AG |	66147
                       Number of splices: AT/AC |	8563
               Number of splices: Non-canonical |	27688
                      Mismatch rate per base, % |	1.44%
                         Deletion rate per base |	0.05%
                        Deletion average length |	2.84
                        Insertion rate per base |	0.03%
                       Insertion average length |	2.24
                             MULTI-MAPPING READS:
        Number of reads mapped to multiple loci |	1859409
             % of reads mapped to multiple loci |	6.51%
        Number of reads mapped to too many loci |	42919
             % of reads mapped to too many loci |	0.15%
                                  UNMAPPED READS:
       % of reads unmapped: too many mismatches |	0.00%
                 % of reads unmapped: too short |	30.14%
                     % of reads unmapped: other |	0.13%
                                  CHIMERIC READS:
                       Number of chimeric reads |	0
                            % of chimeric reads |	0.00%
