                                 Started job on |	Jun 30 08:25:09
                             Started mapping on |	Jun 30 08:25:16
                                    Finished on |	Jun 30 08:37:34
       Mapping speed, Million of reads per hour |	198.12

                          Number of input reads |	40613610
                      Average input read length |	198
                                    UNIQUE READS:
                   Uniquely mapped reads number |	25726284
                        Uniquely mapped reads % |	63.34%
                          Average mapped length |	193.42
                       Number of splices: Total |	14868225
            Number of splices: Annotated (sjdb) |	13381525
                       Number of splices: GT/AG |	14643616
                       Number of splices: GC/AG |	92227
                       Number of splices: AT/AC |	11942
               Number of splices: Non-canonical |	120440
                      Mismatch rate per base, % |	1.13%
                         Deletion rate per base |	0.06%
                        Deletion average length |	2.71
                        Insertion rate per base |	0.03%
                       Insertion average length |	2.22
                             MULTI-MAPPING READS:
        Number of reads mapped to multiple loci |	2050477
             % of reads mapped to multiple loci |	5.05%
        Number of reads mapped to too many loci |	75587
             % of reads mapped to too many loci |	0.19%
                                  UNMAPPED READS:
       % of reads unmapped: too many mismatches |	0.00%
                 % of reads unmapped: too short |	31.21%
                     % of reads unmapped: other |	0.21%
                                  CHIMERIC READS:
                       Number of chimeric reads |	0
                            % of chimeric reads |	0.00%
