                                 Started job on |	Jun 30 08:50:40
                             Started mapping on |	Jun 30 08:50:47
                                    Finished on |	Jun 30 12:27:01
       Mapping speed, Million of reads per hour |	10.63

                          Number of input reads |	38301123
                      Average input read length |	276
                                    UNIQUE READS:
                   Uniquely mapped reads number |	21309967
                        Uniquely mapped reads % |	55.64%
                          Average mapped length |	265.27
                       Number of splices: Total |	20061254
            Number of splices: Annotated (sjdb) |	18627751
                       Number of splices: GT/AG |	19845938
                       Number of splices: GC/AG |	148993
                       Number of splices: AT/AC |	15924
               Number of splices: Non-canonical |	50399
                      Mismatch rate per base, % |	0.82%
                         Deletion rate per base |	0.05%
                        Deletion average length |	2.57
                        Insertion rate per base |	0.03%
                       Insertion average length |	2.25
                             MULTI-MAPPING READS:
        Number of reads mapped to multiple loci |	1607863
             % of reads mapped to multiple loci |	4.20%
        Number of reads mapped to too many loci |	31460
             % of reads mapped to too many loci |	0.08%
                                  UNMAPPED READS:
       % of reads unmapped: too many mismatches |	0.00%
                 % of reads unmapped: too short |	40.01%
                     % of reads unmapped: other |	0.07%
                                  CHIMERIC READS:
                       Number of chimeric reads |	0
                            % of chimeric reads |	0.00%
