                                 Started job on |	Jun 30 12:27:06
                             Started mapping on |	Jun 30 12:27:27
                                    Finished on |	Jun 30 14:47:19
       Mapping speed, Million of reads per hour |	12.21

                          Number of input reads |	28471938
                      Average input read length |	275
                                    UNIQUE READS:
                   Uniquely mapped reads number |	14496959
                        Uniquely mapped reads % |	50.92%
                          Average mapped length |	265.11
                       Number of splices: Total |	12928047
            Number of splices: Annotated (sjdb) |	12088060
                       Number of splices: GT/AG |	12775820
                       Number of splices: GC/AG |	98730
                       Number of splices: AT/AC |	10364
               Number of splices: Non-canonical |	43133
                      Mismatch rate per base, % |	0.80%
                         Deletion rate per base |	0.05%
                        Deletion average length |	2.64
                        Insertion rate per base |	0.04%
                       Insertion average length |	2.31
                             MULTI-MAPPING READS:
        Number of reads mapped to multiple loci |	1123761
             % of reads mapped to multiple loci |	3.95%
        Number of reads mapped to too many loci |	29130
             % of reads mapped to too many loci |	0.10%
                                  UNMAPPED READS:
       % of reads unmapped: too many mismatches |	0.00%
                 % of reads unmapped: too short |	44.96%
                     % of reads unmapped: other |	0.08%
                                  CHIMERIC READS:
                       Number of chimeric reads |	0
                            % of chimeric reads |	0.00%
