           Time    Speed        Read     Read   Mapped   Mapped   Mapped   Mapped Unmapped Unmapped Unmapped Unmapped
                    M/hr      number   length   unique   length   MMrate    multi   multi+       MM    short    other
Jun 30 14:48:47     21.0      374185      273    58.0%    260.9     0.9%     4.7%     0.1%     0.0%    37.1%     0.1%
Jun 30 14:50:14     29.0     1214878      273    58.0%    260.9     0.9%     4.6%     0.1%     0.0%    37.1%     0.1%
Jun 30 14:51:15     28.6     1681755      273    58.0%    260.9     0.9%     4.6%     0.1%     0.0%    37.1%     0.1%
Jun 30 14:52:22     30.1     2334404      273    58.2%    261.0     0.9%     4.6%     0.1%     0.0%    37.0%     0.1%
Jun 30 14:53:23     29.7     2800528      273    58.2%    261.0     0.9%     4.6%     0.1%     0.0%    36.9%     0.1%
Jun 30 14:54:23     32.7     3638572      273    58.4%    261.2     0.9%     4.6%     0.1%     0.0%    36.8%     0.1%
Jun 30 14:55:26     31.2     4011125      273    58.4%    261.2     0.9%     4.6%     0.1%     0.0%    36.8%     0.1%
Jun 30 14:56:37     28.9     4290737      273    58.4%    261.3     0.9%     4.6%     0.1%     0.0%    36.7%     0.1%
Jun 30 14:57:55     27.4     4663260      273    58.4%    261.3     0.9%     4.6%     0.1%     0.0%    36.7%     0.1%
Jun 30 14:59:15     27.2     5222298      273    58.4%    261.3     0.9%     4.6%     0.1%     0.0%    36.7%     0.1%
Jun 30 15:00:15     28.1     5874567      273    58.4%    261.3     0.9%     4.6%     0.1%     0.0%    36.8%     0.1%
Jun 30 15:01:19     28.8     6527044      273    58.4%    261.3     0.9%     4.6%     0.1%     0.0%    36.8%     0.1%
Jun 30 15:02:29     28.8     7086186      273    58.3%    261.3     0.9%     4.6%     0.1%     0.0%    36.8%     0.1%
Jun 30 15:03:33     28.6     7552405      273    58.4%    261.2     0.9%     4.6%     0.1%     0.0%    36.8%     0.1%
Jun 30 15:04:46     28.9     8205582      273    58.4%    261.2     0.9%     4.6%     0.1%     0.0%    36.8%     0.1%
Jun 30 15:05:46     29.8     8951745      273    58.4%    261.2     0.9%     4.6%     0.1%     0.0%    36.7%     0.1%
Jun 30 15:06:56     29.4     9418376      273    58.5%    261.2     0.9%     4.6%     0.1%     0.0%    36.7%     0.1%
Jun 30 15:08:29     29.4    10163952      273    58.5%    261.2     0.9%     4.6%     0.1%     0.0%    36.7%     0.1%
Jun 30 15:09:32     29.5    10721678      273    58.5%    261.2     0.9%     4.6%     0.1%     0.0%    36.6%     0.1%
Jun 30 15:10:51     30.0    11557677      273    58.6%    261.3     0.9%     4.6%     0.1%     0.0%    36.6%     0.1%
Jun 30 15:11:54     30.1    12115112      273    58.6%    261.3     0.9%     4.6%     0.1%     0.0%    36.6%     0.1%
Jun 30 15:12:57     29.9    12579647      273    58.6%    261.3     0.9%     4.6%     0.1%     0.0%    36.6%     0.1%
Jun 30 15:14:12     30.0    13230099      273    58.6%    261.3     0.9%     4.6%     0.1%     0.0%    36.5%     0.1%
Jun 30 15:15:16     29.8    13694830      273    58.6%    261.3     0.9%     4.6%     0.1%     0.0%    36.5%     0.1%
Jun 30 15:16:23     30.2    14438306      273    58.6%    261.3     0.9%     4.6%     0.1%     0.0%    36.5%     0.1%
Jun 30 15:17:24     30.1    14902825      273    58.6%    261.3     0.9%     4.6%     0.1%     0.0%    36.5%     0.1%
Jun 30 15:18:29     30.2    15460303      273    58.6%    261.3     0.9%     4.6%     0.1%     0.0%    36.5%     0.1%
Jun 30 15:19:33     30.2    16017415      273    58.6%    261.4     0.9%     4.6%     0.1%     0.0%    36.5%     0.1%
Jun 30 15:20:40     30.5    16760767      273    58.6%    261.4     0.9%     4.6%     0.1%     0.0%    36.5%     0.1%
Jun 30 15:21:43     30.7    17410766      273    58.6%    261.4     0.9%     4.6%     0.1%     0.0%    36.5%     0.1%
Jun 30 15:22:47     30.4    17782184      273    58.6%    261.4     0.9%     4.6%     0.1%     0.0%    36.5%     0.1%
Jun 30 15:24:05     30.1    18246526      273    58.6%    261.4     0.9%     4.6%     0.1%     0.0%    36.5%     0.1%
Jun 30 15:25:23     30.0    18803576      273    58.6%    261.4     0.9%     4.6%     0.1%     0.0%    36.5%     0.1%
Jun 30 15:26:24     29.7    19174758      273    58.6%    261.4     0.9%     4.6%     0.1%     0.0%    36.5%     0.1%
Jun 30 15:27:27     29.5    19545971      273    58.6%    261.4     0.9%     4.6%     0.1%     0.0%    36.5%     0.1%
Jun 30 15:28:36     29.6    20195633      273    58.6%    261.4     0.9%     4.6%     0.1%     0.0%    36.5%     0.1%
Jun 30 15:29:37     30.0    20938438      273    58.6%    261.4     0.9%     4.6%     0.1%     0.0%    36.5%     0.1%
Jun 30 15:30:40     29.9    21402465      273    58.6%    261.4     0.9%     4.6%     0.1%     0.0%    36.5%     0.1%
Jun 30 15:31:45     30.4    22330733      273    58.6%    261.4     0.9%     4.6%     0.1%     0.0%    36.5%     0.1%
Jun 30 15:33:04     30.3    22887690      273    58.6%    261.4     0.9%     4.6%     0.1%     0.0%    36.5%     0.1%
Jun 30 15:34:09     30.2    23352080      273    58.6%    261.4     0.9%     4.6%     0.1%     0.0%    36.5%     0.1%
Jun 30 15:35:14     30.1    23816659      273    58.6%    261.4     0.9%     4.6%     0.1%     0.0%    36.5%     0.1%
Jun 30 15:36:22     30.1    24374371      273    58.6%    261.4     0.9%     4.6%     0.1%     0.0%    36.5%     0.1%
Jun 30 15:38:11     29.5    24838999      273    58.6%    261.4     0.9%     4.6%     0.1%     0.0%    36.5%     0.1%
Jun 30 15:39:35     29.4    25396759      273    58.6%    261.4     0.9%     4.6%     0.1%     0.0%    36.5%     0.1%
Jun 30 15:40:37     29.6    26139957      273    58.6%    261.4     0.9%     4.6%     0.1%     0.0%    36.5%     0.1%
Jun 30 15:41:50     29.3    26418549      273    58.6%    261.4     0.9%     4.6%     0.1%     0.0%    36.5%     0.1%
Jun 30 15:42:56     29.3    26975656      273    58.6%    261.4     0.9%     4.6%     0.1%     0.0%    36.5%     0.1%
Jun 30 15:43:56     29.4    27532721      273    58.6%    261.4     0.9%     4.6%     0.1%     0.0%    36.5%     0.1%
Jun 30 15:44:58     29.6    28275774      273    58.6%    261.4     0.9%     4.6%     0.1%     0.0%    36.5%     0.1%
Jun 30 15:46:08     29.6    28833167      273    58.6%    261.4     0.9%     4.6%     0.1%     0.0%    36.5%     0.1%
Jun 30 15:47:36     29.5    29483354      273    58.6%    261.4     0.9%     4.6%     0.1%     0.0%    36.5%     0.1%
Jun 30 15:49:07     29.4    30040680      273    58.6%    261.4     0.9%     4.6%     0.1%     0.0%    36.5%     0.1%
Jun 30 15:50:13     29.3    30505025      273    58.6%    261.4     0.9%     4.6%     0.1%     0.0%    36.5%     0.1%
Jun 30 15:51:24     29.2    31006089      273    58.6%    261.5     0.9%     4.6%     0.1%     0.0%    36.5%     0.1%
Jun 30 15:52:48     28.8    31191794      273    58.6%    261.5     0.9%     4.6%     0.1%     0.0%    36.5%     0.1%
ALL DONE!
