                                 Started job on |	Jun 30 16:11:18
                             Started mapping on |	Jun 30 16:11:26
                                    Finished on |	Jun 30 16:49:08
       Mapping speed, Million of reads per hour |	49.59

                          Number of input reads |	31160573
                      Average input read length |	277
                                    UNIQUE READS:
                   Uniquely mapped reads number |	18995412
                        Uniquely mapped reads % |	60.96%
                          Average mapped length |	266.39
                       Number of splices: Total |	14483743
            Number of splices: Annotated (sjdb) |	12957341
                       Number of splices: GT/AG |	14310453
                       Number of splices: GC/AG |	93495
                       Number of splices: AT/AC |	13816
               Number of splices: Non-canonical |	65979
                      Mismatch rate per base, % |	0.94%
                         Deletion rate per base |	0.06%
                        Deletion average length |	2.56
                        Insertion rate per base |	0.04%
                       Insertion average length |	2.27
                             MULTI-MAPPING READS:
        Number of reads mapped to multiple loci |	1437442
             % of reads mapped to multiple loci |	4.61%
        Number of reads mapped to too many loci |	48857
             % of reads mapped to too many loci |	0.16%
                                  UNMAPPED READS:
       % of reads unmapped: too many mismatches |	0.00%
                 % of reads unmapped: too short |	34.16%
                     % of reads unmapped: other |	0.11%
                                  CHIMERIC READS:
                       Number of chimeric reads |	0
                            % of chimeric reads |	0.00%
