           Time    Speed        Read     Read   Mapped   Mapped   Mapped   Mapped Unmapped Unmapped Unmapped Unmapped
                    M/hr      number   length   unique   length   MMrate    multi   multi+       MM    short    other
Jun 30 16:12:31     40.9      738851      277    60.5%    265.9     1.0%     4.6%     0.2%     0.0%    34.7%     0.1%
Jun 30 16:13:39     52.4     1935632      277    60.5%    265.9     1.0%     4.6%     0.2%     0.0%    34.6%     0.1%
Jun 30 16:14:43     55.5     3039492      277    60.7%    266.1     0.9%     4.6%     0.2%     0.0%    34.5%     0.1%
Jun 30 16:15:44     56.5     4050636      277    60.8%    266.2     0.9%     4.6%     0.2%     0.0%    34.4%     0.1%
Jun 30 16:16:47     55.7     4969707      277    60.8%    266.3     0.9%     4.6%     0.2%     0.0%    34.4%     0.1%
Jun 30 16:17:47     52.2     5521439      277    60.8%    266.3     0.9%     4.6%     0.2%     0.0%    34.4%     0.1%
Jun 30 16:18:49     51.6     6349326      277    60.7%    266.2     0.9%     4.6%     0.2%     0.0%    34.4%     0.1%
Jun 30 16:19:50     51.3     7177019      277    60.7%    266.3     0.9%     4.6%     0.2%     0.0%    34.4%     0.1%
Jun 30 16:20:51     51.6     8097198      277    60.8%    266.2     0.9%     4.6%     0.2%     0.0%    34.4%     0.1%
Jun 30 16:21:51     50.9     8833748      277    60.8%    266.2     0.9%     4.6%     0.2%     0.0%    34.3%     0.1%
Jun 30 16:22:54     50.6     9662061      277    60.8%    266.2     0.9%     4.6%     0.2%     0.0%    34.3%     0.1%
Jun 30 16:23:59     50.6    10580352      277    60.9%    266.2     0.9%     4.6%     0.2%     0.0%    34.3%     0.1%
Jun 30 16:25:09     49.9    11406029      277    60.9%    266.3     0.9%     4.6%     0.2%     0.0%    34.2%     0.1%
Jun 30 16:26:13     49.6    12231288      277    60.9%    266.3     0.9%     4.6%     0.2%     0.0%    34.2%     0.1%
Jun 30 16:27:14     48.9    12873271      277    60.9%    266.3     0.9%     4.6%     0.2%     0.0%    34.2%     0.1%
Jun 30 16:28:23     48.8    13790539      277    61.0%    266.3     0.9%     4.6%     0.2%     0.0%    34.1%     0.1%
Jun 30 16:29:26     49.3    14799475      277    61.0%    266.3     0.9%     4.6%     0.2%     0.0%    34.1%     0.1%
Jun 30 16:30:26     49.3    15624826      277    61.0%    266.3     0.9%     4.6%     0.2%     0.0%    34.1%     0.1%
Jun 30 16:31:35     50.9    17091293      277    61.0%    266.3     0.9%     4.6%     0.2%     0.0%    34.1%     0.1%
Jun 30 16:32:38     51.7    18282454      277    61.0%    266.3     0.9%     4.6%     0.2%     0.0%    34.1%     0.1%
Jun 30 16:33:40     51.6    19107024      277    61.0%    266.4     0.9%     4.6%     0.2%     0.0%    34.1%     0.1%
Jun 30 16:34:40     51.2    19839825      277    61.0%    266.4     0.9%     4.6%     0.2%     0.0%    34.1%     0.1%
Jun 30 16:35:45     51.4    20847912      277    61.0%    266.4     0.9%     4.6%     0.2%     0.0%    34.1%     0.1%
Jun 30 16:36:46     52.0    21947591      277    61.0%    266.4     0.9%     4.6%     0.2%     0.0%    34.1%     0.1%
Jun 30 16:37:56     52.0    22955839      277    60.9%    266.4     0.9%     4.6%     0.2%     0.0%    34.2%     0.1%
Jun 30 16:38:58     52.8    24239323      277    60.9%    266.4     0.9%     4.6%     0.2%     0.0%    34.2%     0.1%
Jun 30 16:40:06     53.2    25431590      277    60.9%    266.4     0.9%     4.6%     0.2%     0.0%    34.2%     0.1%
Jun 30 16:41:10     53.5    26531756      277    60.9%    266.4     0.9%     4.6%     0.2%     0.0%    34.2%     0.1%
Jun 30 16:42:10     53.6    27448040      277    60.9%    266.4     0.9%     4.6%     0.2%     0.0%    34.2%     0.1%
Jun 30 16:43:10     54.0    28548123      277    61.0%    266.4     0.9%     4.6%     0.2%     0.0%    34.2%     0.1%
Jun 30 16:44:13     53.6    29281504      277    61.0%    266.4     0.9%     4.6%     0.2%     0.0%    34.2%     0.1%
Jun 30 16:45:23     53.7    30381434      277    61.0%    266.4     0.9%     4.6%     0.2%     0.0%    34.2%     0.1%
Jun 30 16:46:50     52.3    30885580      277    61.0%    266.4     0.9%     4.6%     0.2%     0.0%    34.2%     0.1%
Jun 30 16:48:37     50.3    31160573      277    61.0%    266.4     0.9%     4.6%     0.2%     0.0%    34.2%     0.1%
ALL DONE!
