                                 Started job on |	Jun 30 17:04:59
                             Started mapping on |	Jun 30 17:05:19
                                    Finished on |	Jun 30 17:19:58
       Mapping speed, Million of reads per hour |	130.80

                          Number of input reads |	31936880
                      Average input read length |	276
                                    UNIQUE READS:
                   Uniquely mapped reads number |	18247166
                        Uniquely mapped reads % |	57.14%
                          Average mapped length |	263.59
                       Number of splices: Total |	12618197
            Number of splices: Annotated (sjdb) |	11341061
                       Number of splices: GT/AG |	12467645
                       Number of splices: GC/AG |	78762
                       Number of splices: AT/AC |	12327
               Number of splices: Non-canonical |	59463
                      Mismatch rate per base, % |	0.97%
                         Deletion rate per base |	0.06%
                        Deletion average length |	2.58
                        Insertion rate per base |	0.04%
                       Insertion average length |	2.26
                             MULTI-MAPPING READS:
        Number of reads mapped to multiple loci |	1531004
             % of reads mapped to multiple loci |	4.79%
        Number of reads mapped to too many loci |	48286
             % of reads mapped to too many loci |	0.15%
                                  UNMAPPED READS:
       % of reads unmapped: too many mismatches |	0.00%
                 % of reads unmapped: too short |	37.81%
                     % of reads unmapped: other |	0.11%
                                  CHIMERIC READS:
                       Number of chimeric reads |	0
                            % of chimeric reads |	0.00%
