           Time    Speed        Read     Read   Mapped   Mapped   Mapped   Mapped Unmapped Unmapped Unmapped Unmapped
                    M/hr      number   length   unique   length   MMrate    multi   multi+       MM    short    other
Jun 30 17:49:56     36.7      652319      274    60.8%    263.6     0.9%     4.4%     0.2%     0.0%    34.4%     0.2%
Jun 30 17:51:21     31.5     1303321      274    61.0%    263.7     0.9%     4.4%     0.2%     0.0%    34.2%     0.2%
Jun 30 17:52:22     30.3     1767388      274    61.0%    263.7     0.9%     4.4%     0.2%     0.0%    34.2%     0.2%
Jun 30 17:53:27     34.1     2602681      274    61.1%    263.8     0.9%     4.4%     0.2%     0.0%    34.2%     0.2%
Jun 30 17:54:32     35.4     3344779      274    61.1%    263.9     0.9%     4.4%     0.2%     0.0%    34.1%     0.2%
Jun 30 17:55:40     35.2     3993837      274    61.2%    264.0     0.9%     4.4%     0.2%     0.0%    34.0%     0.2%
Jun 30 17:56:58     31.0     4179377      274    61.2%    264.0     0.9%     4.4%     0.2%     0.0%    34.0%     0.2%
Jun 30 17:57:59     30.6     4643288      274    61.2%    264.0     0.9%     4.4%     0.2%     0.0%    34.0%     0.2%
Jun 30 17:59:00     31.9     5385150      274    61.3%    264.0     0.9%     4.4%     0.2%     0.0%    33.9%     0.2%
Jun 30 18:00:19     30.6     5848792      274    61.3%    264.1     0.9%     4.4%     0.2%     0.0%    33.9%     0.2%
Jun 30 18:01:22     30.3     6312609      274    61.2%    264.1     0.9%     4.4%     0.2%     0.0%    34.0%     0.2%
Jun 30 18:02:23     30.9     6961927      274    61.2%    264.1     0.9%     4.4%     0.2%     0.0%    34.0%     0.2%
Jun 30 18:03:34     31.8     7797043      274    61.2%    264.1     0.9%     4.4%     0.2%     0.0%    34.0%     0.2%
Jun 30 18:04:44     32.3     8539169      274    61.2%    264.1     0.9%     4.4%     0.2%     0.0%    34.0%     0.2%
Jun 30 18:05:47     31.3     8817525      274    61.2%    264.1     0.9%     4.4%     0.2%     0.0%    34.0%     0.2%
Jun 30 18:06:52     31.6     9467417      274    61.2%    264.1     0.9%     4.4%     0.2%     0.0%    34.0%     0.2%
Jun 30 18:08:00     32.6    10394587      274    61.3%    264.1     0.9%     4.4%     0.2%     0.0%    33.9%     0.2%
Jun 30 18:09:01     33.2    11135471      274    61.3%    264.1     0.9%     4.4%     0.2%     0.0%    33.9%     0.2%
Jun 30 18:10:11     33.4    11876146      274    61.3%    264.1     0.9%     4.4%     0.2%     0.0%    33.8%     0.2%
Jun 30 18:11:15     34.1    12708913      274    61.4%    264.1     0.9%     4.4%     0.2%     0.0%    33.8%     0.2%
Jun 30 18:12:29     33.9    13356112      274    61.4%    264.1     0.9%     4.4%     0.2%     0.0%    33.8%     0.2%
Jun 30 18:13:33     33.6    13818314      274    61.4%    264.1     0.9%     4.4%     0.2%     0.0%    33.8%     0.2%
Jun 30 18:14:40     33.9    14558322      274    61.4%    264.1     0.9%     4.4%     0.2%     0.0%    33.8%     0.2%
Jun 30 18:15:45     33.9    15205551      274    61.4%    264.1     0.9%     4.4%     0.2%     0.0%    33.7%     0.2%
Jun 30 18:16:45     33.9    15760674      274    61.4%    264.2     0.9%     4.4%     0.2%     0.0%    33.7%     0.2%
Jun 30 18:17:48     33.8    16315888      274    61.5%    264.1     0.9%     4.4%     0.2%     0.0%    33.7%     0.2%
Jun 30 18:18:58     34.2    17148638      274    61.5%    264.2     0.9%     4.4%     0.2%     0.0%    33.7%     0.2%
Jun 30 18:19:59     34.0    17611381      274    61.5%    264.2     0.9%     4.4%     0.2%     0.0%    33.7%     0.2%
Jun 30 18:21:17     34.3    18536703      274    61.5%    264.2     0.9%     4.4%     0.2%     0.0%    33.7%     0.2%
Jun 30 18:22:19     34.2    19091287      274    61.5%    264.2     0.9%     4.4%     0.2%     0.0%    33.7%     0.2%
Jun 30 18:23:20     34.7    19923438      274    61.5%    264.2     0.9%     4.4%     0.2%     0.0%    33.7%     0.2%
Jun 30 18:24:20     34.8    20570721      274    61.5%    264.2     0.9%     4.4%     0.2%     0.0%    33.7%     0.2%
Jun 30 18:25:25     34.8    21217802      274    61.5%    264.2     0.9%     4.4%     0.2%     0.0%    33.7%     0.2%
Jun 30 18:26:28     35.0    21957449      274    61.5%    264.2     0.9%     4.4%     0.2%     0.0%    33.7%     0.2%
Jun 30 18:27:50     34.5    22419608      274    61.5%    264.2     0.9%     4.4%     0.2%     0.0%    33.7%     0.2%
Jun 30 18:29:26     34.5    23343582      274    61.5%    264.2     0.9%     4.4%     0.2%     0.0%    33.7%     0.2%
Jun 30 18:30:38     34.5    23990395      274    61.5%    264.2     0.9%     4.4%     0.2%     0.0%    33.7%     0.2%
Jun 30 18:31:40     34.5    24637557      274    61.5%    264.2     0.9%     4.4%     0.2%     0.0%    33.7%     0.2%
Jun 30 18:32:42     34.4    25099950      274    61.5%    264.2     0.9%     4.4%     0.2%     0.0%    33.7%     0.2%
Jun 30 18:33:59     34.4    25839412      274    61.5%    264.2     0.9%     4.4%     0.2%     0.0%    33.7%     0.2%
Jun 30 18:35:03     34.7    26671350      274    61.5%    264.2     0.9%     4.4%     0.2%     0.0%    33.7%     0.2%
Jun 30 18:36:04     34.7    27318602      274    61.4%    264.2     0.9%     4.4%     0.2%     0.0%    33.7%     0.2%
Jun 30 18:37:09     34.6    27873287      274    61.4%    264.2     0.9%     4.4%     0.2%     0.0%    33.7%     0.2%
Jun 30 18:38:22     34.6    28520846      274    61.4%    264.2     0.9%     4.4%     0.2%     0.0%    33.8%     0.2%
Jun 30 18:39:30     35.0    29538557      274    61.4%    264.2     0.9%     4.4%     0.2%     0.0%    33.8%     0.2%
Jun 30 18:40:42     34.8    30093827      274    61.4%    264.2     0.9%     4.4%     0.2%     0.0%    33.8%     0.2%
Jun 30 18:41:52     35.1    31018775      274    61.4%    264.2     0.9%     4.4%     0.2%     0.0%    33.8%     0.2%
Jun 30 18:42:52     35.4    31851008      274    61.4%    264.2     0.9%     4.4%     0.2%     0.0%    33.8%     0.2%
Jun 30 18:43:52     35.6    32590511      274    61.4%    264.2     0.9%     4.4%     0.2%     0.0%    33.8%     0.2%
Jun 30 18:44:53     35.4    33052762      274    61.4%    264.2     0.9%     4.4%     0.2%     0.0%    33.8%     0.2%
Jun 30 18:46:08     35.4    33792467      274    61.4%    264.2     0.9%     4.4%     0.2%     0.0%    33.8%     0.2%
Jun 30 18:47:26     35.4    34532297      274    61.4%    264.2     0.9%     4.4%     0.2%     0.0%    33.8%     0.2%
Jun 30 18:48:40     35.4    35272473      274    61.4%    264.2     0.9%     4.4%     0.2%     0.0%    33.8%     0.2%
Jun 30 18:49:55     35.1    35734842      274    61.4%    264.2     0.9%     4.4%     0.2%     0.0%    33.7%     0.2%
Jun 30 18:51:00     35.3    36567074      274    61.4%    264.2     0.9%     4.4%     0.2%     0.0%    33.7%     0.2%
Jun 30 18:52:02     35.3    37121991      274    61.4%    264.2     0.9%     4.4%     0.2%     0.0%    33.7%     0.2%
Jun 30 18:53:43     34.8    37568390      274    61.4%    264.2     0.9%     4.4%     0.2%     0.0%    33.7%     0.2%
ALL DONE!
