                                 Started job on |	Jun 30 17:48:45
                             Started mapping on |	Jun 30 17:48:52
                                    Finished on |	Jun 30 18:54:20
       Mapping speed, Million of reads per hour |	34.43

                          Number of input reads |	37568390
                      Average input read length |	274
                                    UNIQUE READS:
                   Uniquely mapped reads number |	23085518
                        Uniquely mapped reads % |	61.45%
                          Average mapped length |	264.22
                       Number of splices: Total |	19794827
            Number of splices: Annotated (sjdb) |	18413516
                       Number of splices: GT/AG |	19491493
                       Number of splices: GC/AG |	129146
                       Number of splices: AT/AC |	15217
               Number of splices: Non-canonical |	158971
                      Mismatch rate per base, % |	0.91%
                         Deletion rate per base |	0.06%
                        Deletion average length |	2.46
                        Insertion rate per base |	0.04%
                       Insertion average length |	2.50
                             MULTI-MAPPING READS:
        Number of reads mapped to multiple loci |	1653794
             % of reads mapped to multiple loci |	4.40%
        Number of reads mapped to too many loci |	82570
             % of reads mapped to too many loci |	0.22%
                                  UNMAPPED READS:
       % of reads unmapped: too many mismatches |	0.00%
                 % of reads unmapped: too short |	33.74%
                     % of reads unmapped: other |	0.18%
                                  CHIMERIC READS:
                       Number of chimeric reads |	0
                            % of chimeric reads |	0.00%
