                                 Started job on |	Jun 30 18:54:25
                             Started mapping on |	Jun 30 18:54:45
                                    Finished on |	Jun 30 19:11:10
       Mapping speed, Million of reads per hour |	113.36

                          Number of input reads |	31015209
                      Average input read length |	275
                                    UNIQUE READS:
                   Uniquely mapped reads number |	20442382
                        Uniquely mapped reads % |	65.91%
                          Average mapped length |	266.14
                       Number of splices: Total |	17009803
            Number of splices: Annotated (sjdb) |	15910528
                       Number of splices: GT/AG |	16754407
                       Number of splices: GC/AG |	117957
                       Number of splices: AT/AC |	13057
               Number of splices: Non-canonical |	124382
                      Mismatch rate per base, % |	0.86%
                         Deletion rate per base |	0.06%
                        Deletion average length |	2.50
                        Insertion rate per base |	0.04%
                       Insertion average length |	2.48
                             MULTI-MAPPING READS:
        Number of reads mapped to multiple loci |	1277765
             % of reads mapped to multiple loci |	4.12%
        Number of reads mapped to too many loci |	75277
             % of reads mapped to too many loci |	0.24%
                                  UNMAPPED READS:
       % of reads unmapped: too many mismatches |	0.00%
                 % of reads unmapped: too short |	29.52%
                     % of reads unmapped: other |	0.21%
                                  CHIMERIC READS:
                       Number of chimeric reads |	0
                            % of chimeric reads |	0.00%
