                                 Started job on |	Jun 30 21:13:33
                             Started mapping on |	Jun 30 21:13:53
                                    Finished on |	Jun 30 21:29:19
       Mapping speed, Million of reads per hour |	137.96

                          Number of input reads |	35486522
                      Average input read length |	274
                                    UNIQUE READS:
                   Uniquely mapped reads number |	22913536
                        Uniquely mapped reads % |	64.57%
                          Average mapped length |	264.07
                       Number of splices: Total |	16842160
            Number of splices: Annotated (sjdb) |	15452975
                       Number of splices: GT/AG |	16600335
                       Number of splices: GC/AG |	103474
                       Number of splices: AT/AC |	13893
               Number of splices: Non-canonical |	124458
                      Mismatch rate per base, % |	0.88%
                         Deletion rate per base |	0.07%
                        Deletion average length |	2.56
                        Insertion rate per base |	0.05%
                       Insertion average length |	2.49
                             MULTI-MAPPING READS:
        Number of reads mapped to multiple loci |	1370597
             % of reads mapped to multiple loci |	3.86%
        Number of reads mapped to too many loci |	85009
             % of reads mapped to too many loci |	0.24%
                                  UNMAPPED READS:
       % of reads unmapped: too many mismatches |	0.00%
                 % of reads unmapped: too short |	31.12%
                     % of reads unmapped: other |	0.21%
                                  CHIMERIC READS:
                       Number of chimeric reads |	0
                            % of chimeric reads |	0.00%
