                                 Started job on |	Jun 30 21:29:24
                             Started mapping on |	Jun 30 21:29:32
                                    Finished on |	Jun 30 21:41:47
       Mapping speed, Million of reads per hour |	133.80

                          Number of input reads |	27318181
                      Average input read length |	274
                                    UNIQUE READS:
                   Uniquely mapped reads number |	17428845
                        Uniquely mapped reads % |	63.80%
                          Average mapped length |	264.66
                       Number of splices: Total |	12566835
            Number of splices: Annotated (sjdb) |	11651091
                       Number of splices: GT/AG |	12392273
                       Number of splices: GC/AG |	77427
                       Number of splices: AT/AC |	8845
               Number of splices: Non-canonical |	88290
                      Mismatch rate per base, % |	0.90%
                         Deletion rate per base |	0.06%
                        Deletion average length |	2.62
                        Insertion rate per base |	0.05%
                       Insertion average length |	2.45
                             MULTI-MAPPING READS:
        Number of reads mapped to multiple loci |	1228356
             % of reads mapped to multiple loci |	4.50%
        Number of reads mapped to too many loci |	61908
             % of reads mapped to too many loci |	0.23%
                                  UNMAPPED READS:
       % of reads unmapped: too many mismatches |	0.00%
                 % of reads unmapped: too short |	31.30%
                     % of reads unmapped: other |	0.18%
                                  CHIMERIC READS:
                       Number of chimeric reads |	0
                            % of chimeric reads |	0.00%
