                                 Started job on |	Jun 30 21:41:51
                             Started mapping on |	Jun 30 21:41:58
                                    Finished on |	Jun 30 22:24:17
       Mapping speed, Million of reads per hour |	49.18

                          Number of input reads |	34682818
                      Average input read length |	272
                                    UNIQUE READS:
                   Uniquely mapped reads number |	22756745
                        Uniquely mapped reads % |	65.61%
                          Average mapped length |	264.22
                       Number of splices: Total |	16139133
            Number of splices: Annotated (sjdb) |	14807892
                       Number of splices: GT/AG |	15920756
                       Number of splices: GC/AG |	90138
                       Number of splices: AT/AC |	10066
               Number of splices: Non-canonical |	118173
                      Mismatch rate per base, % |	0.95%
                         Deletion rate per base |	0.06%
                        Deletion average length |	2.53
                        Insertion rate per base |	0.04%
                       Insertion average length |	2.41
                             MULTI-MAPPING READS:
        Number of reads mapped to multiple loci |	1928427
             % of reads mapped to multiple loci |	5.56%
        Number of reads mapped to too many loci |	88854
             % of reads mapped to too many loci |	0.26%
                                  UNMAPPED READS:
       % of reads unmapped: too many mismatches |	0.00%
                 % of reads unmapped: too short |	28.37%
                     % of reads unmapped: other |	0.20%
                                  CHIMERIC READS:
                       Number of chimeric reads |	0
                            % of chimeric reads |	0.00%
