           Time    Speed        Read     Read   Mapped   Mapped   Mapped   Mapped Unmapped Unmapped Unmapped Unmapped
                    M/hr      number   length   unique   length   MMrate    multi   multi+       MM    short    other
Jun 30 21:43:02     26.4      468676      272    64.9%    263.7     1.0%     5.5%     0.2%     0.0%    29.1%     0.2%
Jun 30 21:44:04     45.4     1590582      272    65.0%    263.8     1.0%     5.5%     0.3%     0.0%    29.0%     0.2%
Jun 30 21:45:12     50.3     2711094      272    65.2%    263.9     1.0%     5.5%     0.3%     0.0%    28.8%     0.2%
Jun 30 21:46:13     50.1     3550826      272    65.3%    264.0     1.0%     5.5%     0.3%     0.0%    28.7%     0.2%
Jun 30 21:47:17     49.5     4390270      272    65.4%    264.0     0.9%     5.6%     0.3%     0.0%    28.6%     0.2%
Jun 30 21:48:26     49.4     5323315      272    65.4%    264.1     0.9%     5.6%     0.3%     0.0%    28.6%     0.2%
Jun 30 21:49:38     52.6     6723004      272    65.3%    264.1     0.9%     5.6%     0.3%     0.0%    28.6%     0.2%
Jun 30 21:50:43     53.8     7843269      272    65.3%    264.0     0.9%     5.6%     0.3%     0.0%    28.7%     0.2%
Jun 30 21:51:46     52.6     8590124      272    65.3%    264.0     0.9%     5.5%     0.3%     0.0%    28.7%     0.2%
Jun 30 21:52:51     52.5     9524276      272    65.4%    264.0     0.9%     5.5%     0.3%     0.0%    28.6%     0.2%
Jun 30 21:53:52     52.3    10363620      272    65.4%    264.0     0.9%     5.6%     0.3%     0.0%    28.6%     0.2%
Jun 30 21:55:02     51.9    11295002      272    65.5%    264.1     0.9%     5.6%     0.3%     0.0%    28.5%     0.2%
Jun 30 21:56:04     51.2    12039717      272    65.5%    264.1     0.9%     5.6%     0.3%     0.0%    28.5%     0.2%
Jun 30 21:57:04     51.5    12970327      272    65.5%    264.1     0.9%     5.6%     0.3%     0.0%    28.4%     0.2%
Jun 30 21:58:05     52.1    13994040      272    65.6%    264.1     0.9%     5.6%     0.3%     0.0%    28.4%     0.2%
Jun 30 21:59:12     51.0    14645424      272    65.6%    264.1     0.9%     5.6%     0.3%     0.0%    28.4%     0.2%
Jun 30 22:00:49     50.2    15762741      272    65.6%    264.1     0.9%     5.6%     0.3%     0.0%    28.4%     0.2%
Jun 30 22:01:50     51.0    16879838      272    65.6%    264.1     0.9%     5.6%     0.3%     0.0%    28.3%     0.2%
Jun 30 22:02:57     50.4    17624213      272    65.6%    264.1     0.9%     5.6%     0.3%     0.0%    28.3%     0.2%
Jun 30 22:04:00     50.8    18647371      272    65.6%    264.1     0.9%     5.6%     0.3%     0.0%    28.3%     0.2%
Jun 30 22:05:10     49.2    19019459      272    65.6%    264.1     0.9%     5.6%     0.3%     0.0%    28.3%     0.2%
Jun 30 22:06:10     49.7    20042171      272    65.6%    264.1     0.9%     5.6%     0.3%     0.0%    28.3%     0.2%
Jun 30 22:07:13     50.3    21157773      272    65.6%    264.2     0.9%     5.6%     0.3%     0.0%    28.3%     0.2%
Jun 30 22:08:20     51.1    22459367      272    65.6%    264.2     0.9%     5.6%     0.3%     0.0%    28.3%     0.2%
Jun 30 22:09:21     51.5    23482259      272    65.6%    264.2     0.9%     5.6%     0.3%     0.0%    28.3%     0.2%
Jun 30 22:10:35     50.8    24226120      272    65.6%    264.2     0.9%     5.6%     0.3%     0.0%    28.4%     0.2%
Jun 30 22:11:46     50.6    25155870      272    65.6%    264.2     0.9%     5.6%     0.3%     0.0%    28.4%     0.2%
Jun 30 22:12:48     50.0    25713528      272    65.6%    264.2     0.9%     5.6%     0.3%     0.0%    28.4%     0.2%
Jun 30 22:13:50     50.3    26737113      272    65.6%    264.2     0.9%     5.6%     0.3%     0.0%    28.4%     0.2%
Jun 30 22:14:54     51.3    28133019      272    65.6%    264.2     0.9%     5.6%     0.3%     0.0%    28.4%     0.2%
Jun 30 22:16:09     51.2    29156248      272    65.6%    264.2     0.9%     5.6%     0.3%     0.0%    28.4%     0.2%
Jun 30 22:17:10     50.6    29714168      272    65.6%    264.2     0.9%     5.6%     0.3%     0.0%    28.4%     0.2%
Jun 30 22:18:14     50.9    30736782      272    65.6%    264.2     0.9%     5.6%     0.3%     0.0%    28.4%     0.2%
Jun 30 22:19:25     50.3    31387645      272    65.6%    264.2     0.9%     5.6%     0.3%     0.0%    28.4%     0.2%
Jun 30 22:20:33     50.4    32410962      272    65.6%    264.2     0.9%     5.6%     0.3%     0.0%    28.4%     0.2%
Jun 30 22:21:36     50.2    33154997      272    65.6%    264.2     0.9%     5.6%     0.3%     0.0%    28.4%     0.2%
Jun 30 22:22:39     50.5    34271056      272    65.6%    264.2     0.9%     5.6%     0.3%     0.0%    28.4%     0.2%
Jun 30 22:24:17     49.2    34682818      272    65.6%    264.2     0.9%     5.6%     0.3%     0.0%    28.4%     0.2%
ALL DONE!
