                                 Started job on |	Jun 30 22:24:22
                             Started mapping on |	Jun 30 22:24:42
                                    Finished on |	Jun 30 22:40:20
       Mapping speed, Million of reads per hour |	131.58

                          Number of input reads |	34284389
                      Average input read length |	274
                                    UNIQUE READS:
                   Uniquely mapped reads number |	21443489
                        Uniquely mapped reads % |	62.55%
                          Average mapped length |	263.69
                       Number of splices: Total |	14986375
            Number of splices: Annotated (sjdb) |	13757818
                       Number of splices: GT/AG |	14779749
                       Number of splices: GC/AG |	86012
                       Number of splices: AT/AC |	10824
               Number of splices: Non-canonical |	109790
                      Mismatch rate per base, % |	0.96%
                         Deletion rate per base |	0.06%
                        Deletion average length |	2.60
                        Insertion rate per base |	0.04%
                       Insertion average length |	2.46
                             MULTI-MAPPING READS:
        Number of reads mapped to multiple loci |	1530119
             % of reads mapped to multiple loci |	4.46%
        Number of reads mapped to too many loci |	79964
             % of reads mapped to too many loci |	0.23%
                                  UNMAPPED READS:
       % of reads unmapped: too many mismatches |	0.00%
                 % of reads unmapped: too short |	32.58%
                     % of reads unmapped: other |	0.18%
                                  CHIMERIC READS:
                       Number of chimeric reads |	0
                            % of chimeric reads |	0.00%
