                                 Started job on |	Jun 30 22:56:17
                             Started mapping on |	Jun 30 22:56:24
                                    Finished on |	Jun 30 23:12:09
       Mapping speed, Million of reads per hour |	137.28

                          Number of input reads |	36035481
                      Average input read length |	278
                                    UNIQUE READS:
                   Uniquely mapped reads number |	23184387
                        Uniquely mapped reads % |	64.34%
                          Average mapped length |	269.04
                       Number of splices: Total |	17851464
            Number of splices: Annotated (sjdb) |	16484681
                       Number of splices: GT/AG |	17604664
                       Number of splices: GC/AG |	108618
                       Number of splices: AT/AC |	15885
               Number of splices: Non-canonical |	122297
                      Mismatch rate per base, % |	0.86%
                         Deletion rate per base |	0.06%
                        Deletion average length |	2.58
                        Insertion rate per base |	0.05%
                       Insertion average length |	2.48
                             MULTI-MAPPING READS:
        Number of reads mapped to multiple loci |	1506859
             % of reads mapped to multiple loci |	4.18%
        Number of reads mapped to too many loci |	79666
             % of reads mapped to too many loci |	0.22%
                                  UNMAPPED READS:
       % of reads unmapped: too many mismatches |	0.00%
                 % of reads unmapped: too short |	31.07%
                     % of reads unmapped: other |	0.19%
                                  CHIMERIC READS:
                       Number of chimeric reads |	0
                            % of chimeric reads |	0.00%
