                                 Started job on |	Jun 30 23:12:14
                             Started mapping on |	Jun 30 23:12:22
                                    Finished on |	Jun 30 23:26:38
       Mapping speed, Million of reads per hour |	210.82

                          Number of input reads |	50129183
                      Average input read length |	198
                                    UNIQUE READS:
                   Uniquely mapped reads number |	33342257
                        Uniquely mapped reads % |	66.51%
                          Average mapped length |	193.51
                       Number of splices: Total |	21676607
            Number of splices: Annotated (sjdb) |	19163479
                       Number of splices: GT/AG |	21453674
                       Number of splices: GC/AG |	148564
                       Number of splices: AT/AC |	12577
               Number of splices: Non-canonical |	61792
                      Mismatch rate per base, % |	1.05%
                         Deletion rate per base |	0.04%
                        Deletion average length |	2.34
                        Insertion rate per base |	0.03%
                       Insertion average length |	2.26
                             MULTI-MAPPING READS:
        Number of reads mapped to multiple loci |	2511729
             % of reads mapped to multiple loci |	5.01%
        Number of reads mapped to too many loci |	85130
             % of reads mapped to too many loci |	0.17%
                                  UNMAPPED READS:
       % of reads unmapped: too many mismatches |	0.00%
                 % of reads unmapped: too short |	28.13%
                     % of reads unmapped: other |	0.18%
                                  CHIMERIC READS:
                       Number of chimeric reads |	0
                            % of chimeric reads |	0.00%
