                                 Started job on |	Jun 30 23:26:44
                             Started mapping on |	Jun 30 23:26:51
                                    Finished on |	Jun 30 23:38:18
       Mapping speed, Million of reads per hour |	218.50

                          Number of input reads |	41696522
                      Average input read length |	198
                                    UNIQUE READS:
                   Uniquely mapped reads number |	27028412
                        Uniquely mapped reads % |	64.82%
                          Average mapped length |	192.30
                       Number of splices: Total |	16179356
            Number of splices: Annotated (sjdb) |	13930090
                       Number of splices: GT/AG |	16005634
                       Number of splices: GC/AG |	109695
                       Number of splices: AT/AC |	12891
               Number of splices: Non-canonical |	51136
                      Mismatch rate per base, % |	1.12%
                         Deletion rate per base |	0.05%
                        Deletion average length |	2.44
                        Insertion rate per base |	0.04%
                       Insertion average length |	2.25
                             MULTI-MAPPING READS:
        Number of reads mapped to multiple loci |	2198968
             % of reads mapped to multiple loci |	5.27%
        Number of reads mapped to too many loci |	70404
             % of reads mapped to too many loci |	0.17%
                                  UNMAPPED READS:
       % of reads unmapped: too many mismatches |	0.00%
                 % of reads unmapped: too short |	29.57%
                     % of reads unmapped: other |	0.16%
                                  CHIMERIC READS:
                       Number of chimeric reads |	0
                            % of chimeric reads |	0.00%
