                                 Started job on |	Jun 30 23:38:23
                             Started mapping on |	Jun 30 23:38:43
                                    Finished on |	Jun 30 23:57:46
       Mapping speed, Million of reads per hour |	136.00

                          Number of input reads |	43179986
                      Average input read length |	196
                                    UNIQUE READS:
                   Uniquely mapped reads number |	25029005
                        Uniquely mapped reads % |	57.96%
                          Average mapped length |	193.81
                       Number of splices: Total |	13595032
            Number of splices: Annotated (sjdb) |	12845974
                       Number of splices: GT/AG |	13347896
                       Number of splices: GC/AG |	182129
                       Number of splices: AT/AC |	5797
               Number of splices: Non-canonical |	59210
                      Mismatch rate per base, % |	0.81%
                         Deletion rate per base |	0.06%
                        Deletion average length |	2.48
                        Insertion rate per base |	0.03%
                       Insertion average length |	2.01
                             MULTI-MAPPING READS:
        Number of reads mapped to multiple loci |	2230392
             % of reads mapped to multiple loci |	5.17%
        Number of reads mapped to too many loci |	41726
             % of reads mapped to too many loci |	0.10%
                                  UNMAPPED READS:
       % of reads unmapped: too many mismatches |	0.00%
                 % of reads unmapped: too short |	36.67%
                     % of reads unmapped: other |	0.10%
                                  CHIMERIC READS:
                       Number of chimeric reads |	0
                            % of chimeric reads |	0.00%
