           Time    Speed        Read     Read   Mapped   Mapped   Mapped   Mapped Unmapped Unmapped Unmapped Unmapped
                    M/hr      number   length   unique   length   MMrate    multi   multi+       MM    short    other
Jun 30 23:39:53    106.5     2070494      196    57.8%    193.8     0.8%     5.2%     0.1%     0.0%    36.9%     0.1%
Jun 30 23:40:53    134.7     4865697      196    57.9%    193.8     0.8%     5.2%     0.1%     0.0%    36.7%     0.1%
Jun 30 23:41:54    130.6     6931505      196    57.9%    193.8     0.8%     5.2%     0.1%     0.0%    36.7%     0.1%
Jun 30 23:42:55    135.5     9484027      196    57.9%    193.8     0.8%     5.2%     0.1%     0.0%    36.7%     0.1%
Jun 30 23:44:02    134.4    11907642      196    57.9%    193.8     0.8%     5.2%     0.1%     0.0%    36.7%     0.1%
Jun 30 23:45:02    138.4    14571195      196    57.9%    193.8     0.8%     5.2%     0.1%     0.0%    36.7%     0.1%
Jun 30 23:46:02    137.4    16750322      196    57.9%    193.8     0.8%     5.2%     0.1%     0.0%    36.7%     0.1%
Jun 30 23:47:04    138.6    19292403      196    58.0%    193.8     0.8%     5.2%     0.1%     0.0%    36.7%     0.1%
Jun 30 23:48:08    139.1    21835051      196    58.0%    193.8     0.8%     5.2%     0.1%     0.0%    36.7%     0.1%
Jun 30 23:49:08    139.0    24134729      196    58.0%    193.8     0.8%     5.2%     0.1%     0.0%    36.7%     0.1%
Jun 30 23:50:08    140.2    26676680      196    58.0%    193.8     0.8%     5.2%     0.1%     0.0%    36.7%     0.1%
Jun 30 23:51:16    138.5    28976303      196    58.0%    193.8     0.8%     5.2%     0.1%     0.0%    36.7%     0.1%
Jun 30 23:52:16    140.1    31639515      196    58.0%    193.8     0.8%     5.2%     0.1%     0.0%    36.7%     0.1%
Jun 30 23:53:19    139.0    33818557      196    58.0%    193.8     0.8%     5.2%     0.1%     0.0%    36.7%     0.1%
Jun 30 23:54:19    140.3    36481761      196    58.0%    193.8     0.8%     5.2%     0.1%     0.0%    36.7%     0.1%
Jun 30 23:55:24    139.0    38660704      196    58.0%    193.8     0.8%     5.2%     0.1%     0.0%    36.7%     0.1%
Jun 30 23:56:24    140.2    41323828      196    58.0%    193.8     0.8%     5.2%     0.1%     0.0%    36.7%     0.1%
Jun 30 23:57:46    136.0    43179986      196    58.0%    193.8     0.8%     5.2%     0.1%     0.0%    36.7%     0.1%
ALL DONE!
